<?xml version="1.0" encoding="UTF-8"?>
<testsuites>
  <testsuite name="/app/phpunit.xml.dist" tests="76" assertions="153" errors="0" failures="0" skipped="0" time="7.964783">
    <testsuite name="Unit" tests="11" assertions="86" errors="0" failures="0" skipped="0" time="0.851176">
      <testsuite name="Tests\Unit\Playground\Make\Package\Configuration\Package\InstanceTest" file="/app/tests/Unit/Configuration/Package/InstanceTest.php" tests="10" assertions="85" errors="0" failures="0" skipped="0" time="0.509810">
        <testcase name="test_instance" file="/app/tests/Unit/Configuration/Package/InstanceTest.php" line="21" class="Tests\Unit\Playground\Make\Package\Configuration\Package\InstanceTest" classname="Tests.Unit.Playground.Make.Package.Configuration.Package.InstanceTest" assertions="1" time="0.281811"/>
        <testcase name="test_instance_apply_without_options" file="/app/tests/Unit/Configuration/Package/InstanceTest.php" line="81" class="Tests\Unit\Playground\Make\Package\Configuration\Package\InstanceTest" classname="Tests.Unit.Playground.Make.Package.Configuration.Package.InstanceTest" assertions="4" time="0.025444"/>
        <testcase name="test_folder_is_empty_by_default" file="/app/tests/Unit/Configuration/Package/InstanceTest.php" line="98" class="Tests\Unit\Playground\Make\Package\Configuration\Package\InstanceTest" classname="Tests.Unit.Playground.Make.Package.Configuration.Package.InstanceTest" assertions="3" time="0.024163"/>
        <testcase name="test_package_for_model_with_file_and_skeleton" file="/app/tests/Unit/Configuration/Package/InstanceTest.php" line="108" class="Tests\Unit\Playground\Make\Package\Configuration\Package\InstanceTest" classname="Tests.Unit.Playground.Make.Package.Configuration.Package.InstanceTest" assertions="26" time="0.024733"/>
        <testcase name="test_package_for_api_with_file_and_skeleton" file="/app/tests/Unit/Configuration/Package/InstanceTest.php" line="168" class="Tests\Unit\Playground\Make\Package\Configuration\Package\InstanceTest" classname="Tests.Unit.Playground.Make.Package.Configuration.Package.InstanceTest" assertions="26" time="0.024922"/>
        <testcase name="test_addKeyword_with_invalid_keyword_and_log_message" file="/app/tests/Unit/Configuration/Package/InstanceTest.php" line="242" class="Tests\Unit\Playground\Make\Package\Configuration\Package\InstanceTest" classname="Tests.Unit.Playground.Make.Package.Configuration.Package.InstanceTest" assertions="5" time="0.026656"/>
        <testcase name="test_addRequire_with_invalid_package_and_log_message" file="/app/tests/Unit/Configuration/Package/InstanceTest.php" line="269" class="Tests\Unit\Playground\Make\Package\Configuration\Package\InstanceTest" classname="Tests.Unit.Playground.Make.Package.Configuration.Package.InstanceTest" assertions="5" time="0.024952"/>
        <testcase name="test_addRequire_with_invalid_version_and_log_message" file="/app/tests/Unit/Configuration/Package/InstanceTest.php" line="298" class="Tests\Unit\Playground\Make\Package\Configuration\Package\InstanceTest" classname="Tests.Unit.Playground.Make.Package.Configuration.Package.InstanceTest" assertions="5" time="0.025292"/>
        <testcase name="test_addRequireDev_with_invalid_package_and_log_message" file="/app/tests/Unit/Configuration/Package/InstanceTest.php" line="327" class="Tests\Unit\Playground\Make\Package\Configuration\Package\InstanceTest" classname="Tests.Unit.Playground.Make.Package.Configuration.Package.InstanceTest" assertions="5" time="0.025222"/>
        <testcase name="test_addRequireDev_with_invalid_version_and_log_message" file="/app/tests/Unit/Configuration/Package/InstanceTest.php" line="356" class="Tests\Unit\Playground\Make\Package\Configuration\Package\InstanceTest" classname="Tests.Unit.Playground.Make.Package.Configuration.Package.InstanceTest" assertions="5" time="0.026613"/>
      </testsuite>
      <testsuite name="Tests\Unit\Playground\Make\Package\Console\Commands\PackageMakeCommand\CommandTest" file="/app/tests/Unit/Console/Commands/PackageMakeCommand/CommandTest.php" tests="1" assertions="1" errors="0" failures="0" skipped="0" time="0.341366">
        <testcase name="test_command_displays_help" file="/app/tests/Unit/Console/Commands/PackageMakeCommand/CommandTest.php" line="19" class="Tests\Unit\Playground\Make\Package\Console\Commands\PackageMakeCommand\CommandTest" classname="Tests.Unit.Playground.Make.Package.Console.Commands.PackageMakeCommand.CommandTest" assertions="1" time="0.341366"/>
      </testsuite>
    </testsuite>
    <testsuite name="Feature" tests="65" assertions="67" errors="0" failures="0" skipped="0" time="7.113607">
      <testsuite name="Tests\Feature\Playground\Make\Package\Console\Commands\About\CommandTest" file="/app/tests/Feature/Console/Commands/About/CommandTest.php" tests="1" assertions="2" errors="0" failures="0" skipped="0" time="0.121557">
        <testcase name="test_command_about_displays_package_information_and_succeed_with_code_0" file="/app/tests/Feature/Console/Commands/About/CommandTest.php" line="27" class="Tests\Feature\Playground\Make\Package\Console\Commands\About\CommandTest" classname="Tests.Feature.Playground.Make.Package.Console.Commands.About.CommandTest" assertions="2" time="0.121557"/>
      </testsuite>
      <testsuite name="Tests\Acceptance\Playground\Make\Package\Console\Commands\PackageMakeCommand\ApiTest" file="/app/tests/Feature/Console/Commands/PackageMakeCommand/ApiTest.php" tests="2" assertions="2" errors="0" failures="0" skipped="0" time="0.342870">
        <testcase name="test_command_make_api_package_with_force_and_without_skeleton" file="/app/tests/Feature/Console/Commands/PackageMakeCommand/ApiTest.php" line="19" class="Tests\Acceptance\Playground\Make\Package\Console\Commands\PackageMakeCommand\ApiTest" classname="Tests.Acceptance.Playground.Make.Package.Console.Commands.PackageMakeCommand.ApiTest" assertions="1" time="0.093824"/>
        <testcase name="test_command_make_api_package_with_force_and_with_skeleton" file="/app/tests/Feature/Console/Commands/PackageMakeCommand/ApiTest.php" line="34" class="Tests\Acceptance\Playground\Make\Package\Console\Commands\PackageMakeCommand\ApiTest" classname="Tests.Acceptance.Playground.Make.Package.Console.Commands.PackageMakeCommand.ApiTest" assertions="1" time="0.249046"/>
      </testsuite>
      <testsuite name="Tests\Feature\Playground\Make\Package\Console\Commands\PackageMakeCommand\CommandTest" file="/app/tests/Feature/Console/Commands/PackageMakeCommand/CommandTest.php" tests="2" assertions="3" errors="0" failures="0" skipped="0" time="0.075791">
        <testcase name="test_command_without_options_or_arguments" file="/app/tests/Feature/Console/Commands/PackageMakeCommand/CommandTest.php" line="20" class="Tests\Feature\Playground\Make\Package\Console\Commands\PackageMakeCommand\CommandTest" classname="Tests.Feature.Playground.Make.Package.Console.Commands.PackageMakeCommand.CommandTest" assertions="2" time="0.030906"/>
        <testcase name="test_command_skeleton" file="/app/tests/Feature/Console/Commands/PackageMakeCommand/CommandTest.php" line="32" class="Tests\Feature\Playground\Make\Package\Console\Commands\PackageMakeCommand\CommandTest" classname="Tests.Feature.Playground.Make.Package.Console.Commands.PackageMakeCommand.CommandTest" assertions="1" time="0.044885"/>
      </testsuite>
      <testsuite name="Tests\Acceptance\Playground\Make\Package\Console\Commands\PackageMakeCommand\ModelTest" file="/app/tests/Feature/Console/Commands/PackageMakeCommand/ModelTest.php" tests="2" assertions="2" errors="0" failures="0" skipped="0" time="0.328456">
        <testcase name="test_command_make_model_package_with_force_and_without_skeleton" file="/app/tests/Feature/Console/Commands/PackageMakeCommand/ModelTest.php" line="19" class="Tests\Acceptance\Playground\Make\Package\Console\Commands\PackageMakeCommand\ModelTest" classname="Tests.Acceptance.Playground.Make.Package.Console.Commands.PackageMakeCommand.ModelTest" assertions="1" time="0.090121"/>
        <testcase name="test_command_make_model_package_with_force_and_with_skeleton" file="/app/tests/Feature/Console/Commands/PackageMakeCommand/ModelTest.php" line="34" class="Tests\Acceptance\Playground\Make\Package\Console\Commands\PackageMakeCommand\ModelTest" classname="Tests.Acceptance.Playground.Make.Package.Console.Commands.PackageMakeCommand.ModelTest" assertions="1" time="0.238335"/>
      </testsuite>
      <testsuite name="Tests\Feature\Playground\Make\Package\Console\Commands\PackageMakeCommand\OptionsTest" file="/app/tests/Feature/Console/Commands/PackageMakeCommand/OptionsTest.php" tests="24" assertions="24" errors="0" failures="0" skipped="0" time="2.582567">
        <testcase name="test_command_make_package_with_force_and_with_factories" file="/app/tests/Feature/Console/Commands/PackageMakeCommand/OptionsTest.php" line="19" class="Tests\Feature\Playground\Make\Package\Console\Commands\PackageMakeCommand\OptionsTest" classname="Tests.Feature.Playground.Make.Package.Console.Commands.PackageMakeCommand.OptionsTest" assertions="1" time="0.087887"/>
        <testcase name="test_command_make_package_with_force_with_factories_and_with_skeleton" file="/app/tests/Feature/Console/Commands/PackageMakeCommand/OptionsTest.php" line="33" class="Tests\Feature\Playground\Make\Package\Console\Commands\PackageMakeCommand\OptionsTest" classname="Tests.Feature.Playground.Make.Package.Console.Commands.PackageMakeCommand.OptionsTest" assertions="1" time="0.246109"/>
        <testcase name="test_command_make_package_with_force_and_with_factories_without_file" file="/app/tests/Feature/Console/Commands/PackageMakeCommand/OptionsTest.php" line="47" class="Tests\Feature\Playground\Make\Package\Console\Commands\PackageMakeCommand\OptionsTest" classname="Tests.Feature.Playground.Make.Package.Console.Commands.PackageMakeCommand.OptionsTest" assertions="1" time="0.045068"/>
        <testcase name="test_command_make_package_with_force_with_factories_and_with_skeleton_without_file" file="/app/tests/Feature/Console/Commands/PackageMakeCommand/OptionsTest.php" line="58" class="Tests\Feature\Playground\Make\Package\Console\Commands\PackageMakeCommand\OptionsTest" classname="Tests.Feature.Playground.Make.Package.Console.Commands.PackageMakeCommand.OptionsTest" assertions="1" time="0.045133"/>
        <testcase name="test_command_make_package_with_force_and_with_policies" file="/app/tests/Feature/Console/Commands/PackageMakeCommand/OptionsTest.php" line="69" class="Tests\Feature\Playground\Make\Package\Console\Commands\PackageMakeCommand\OptionsTest" classname="Tests.Feature.Playground.Make.Package.Console.Commands.PackageMakeCommand.OptionsTest" assertions="1" time="0.085966"/>
        <testcase name="test_command_make_package_with_force_with_policies_and_with_skeleton" file="/app/tests/Feature/Console/Commands/PackageMakeCommand/OptionsTest.php" line="83" class="Tests\Feature\Playground\Make\Package\Console\Commands\PackageMakeCommand\OptionsTest" classname="Tests.Feature.Playground.Make.Package.Console.Commands.PackageMakeCommand.OptionsTest" assertions="1" time="0.239626"/>
        <testcase name="test_command_make_package_with_force_and_with_policies_without_file" file="/app/tests/Feature/Console/Commands/PackageMakeCommand/OptionsTest.php" line="97" class="Tests\Feature\Playground\Make\Package\Console\Commands\PackageMakeCommand\OptionsTest" classname="Tests.Feature.Playground.Make.Package.Console.Commands.PackageMakeCommand.OptionsTest" assertions="1" time="0.049132"/>
        <testcase name="test_command_make_package_with_force_with_policies_and_with_skeleton_without_file" file="/app/tests/Feature/Console/Commands/PackageMakeCommand/OptionsTest.php" line="108" class="Tests\Feature\Playground\Make\Package\Console\Commands\PackageMakeCommand\OptionsTest" classname="Tests.Feature.Playground.Make.Package.Console.Commands.PackageMakeCommand.OptionsTest" assertions="1" time="0.045817"/>
        <testcase name="test_command_make_package_with_force_and_with_controllers" file="/app/tests/Feature/Console/Commands/PackageMakeCommand/OptionsTest.php" line="119" class="Tests\Feature\Playground\Make\Package\Console\Commands\PackageMakeCommand\OptionsTest" classname="Tests.Feature.Playground.Make.Package.Console.Commands.PackageMakeCommand.OptionsTest" assertions="1" time="0.087479"/>
        <testcase name="test_command_make_package_with_force_with_controllers_and_with_skeleton" file="/app/tests/Feature/Console/Commands/PackageMakeCommand/OptionsTest.php" line="133" class="Tests\Feature\Playground\Make\Package\Console\Commands\PackageMakeCommand\OptionsTest" classname="Tests.Feature.Playground.Make.Package.Console.Commands.PackageMakeCommand.OptionsTest" assertions="1" time="0.241070"/>
        <testcase name="test_command_make_package_with_force_and_with_controllers_without_file" file="/app/tests/Feature/Console/Commands/PackageMakeCommand/OptionsTest.php" line="147" class="Tests\Feature\Playground\Make\Package\Console\Commands\PackageMakeCommand\OptionsTest" classname="Tests.Feature.Playground.Make.Package.Console.Commands.PackageMakeCommand.OptionsTest" assertions="1" time="0.046943"/>
        <testcase name="test_command_make_package_with_force_with_controllers_and_with_skeleton_without_file" file="/app/tests/Feature/Console/Commands/PackageMakeCommand/OptionsTest.php" line="158" class="Tests\Feature\Playground\Make\Package\Console\Commands\PackageMakeCommand\OptionsTest" classname="Tests.Feature.Playground.Make.Package.Console.Commands.PackageMakeCommand.OptionsTest" assertions="1" time="0.047692"/>
        <testcase name="test_command_make_package_with_force_and_with_migrations" file="/app/tests/Feature/Console/Commands/PackageMakeCommand/OptionsTest.php" line="169" class="Tests\Feature\Playground\Make\Package\Console\Commands\PackageMakeCommand\OptionsTest" classname="Tests.Feature.Playground.Make.Package.Console.Commands.PackageMakeCommand.OptionsTest" assertions="1" time="0.089653"/>
        <testcase name="test_command_make_package_with_force_with_migrations_and_with_skeleton" file="/app/tests/Feature/Console/Commands/PackageMakeCommand/OptionsTest.php" line="183" class="Tests\Feature\Playground\Make\Package\Console\Commands\PackageMakeCommand\OptionsTest" classname="Tests.Feature.Playground.Make.Package.Console.Commands.PackageMakeCommand.OptionsTest" assertions="1" time="0.244338"/>
        <testcase name="test_command_make_package_with_force_and_with_migrations_without_file" file="/app/tests/Feature/Console/Commands/PackageMakeCommand/OptionsTest.php" line="197" class="Tests\Feature\Playground\Make\Package\Console\Commands\PackageMakeCommand\OptionsTest" classname="Tests.Feature.Playground.Make.Package.Console.Commands.PackageMakeCommand.OptionsTest" assertions="1" time="0.047107"/>
        <testcase name="test_command_make_package_with_force_with_migrations_and_with_skeleton_without_file" file="/app/tests/Feature/Console/Commands/PackageMakeCommand/OptionsTest.php" line="208" class="Tests\Feature\Playground\Make\Package\Console\Commands\PackageMakeCommand\OptionsTest" classname="Tests.Feature.Playground.Make.Package.Console.Commands.PackageMakeCommand.OptionsTest" assertions="1" time="0.049224"/>
        <testcase name="test_command_make_package_with_force_and_with_models" file="/app/tests/Feature/Console/Commands/PackageMakeCommand/OptionsTest.php" line="219" class="Tests\Feature\Playground\Make\Package\Console\Commands\PackageMakeCommand\OptionsTest" classname="Tests.Feature.Playground.Make.Package.Console.Commands.PackageMakeCommand.OptionsTest" assertions="1" time="0.091124"/>
        <testcase name="test_command_make_package_with_force_with_models_and_with_skeleton" file="/app/tests/Feature/Console/Commands/PackageMakeCommand/OptionsTest.php" line="233" class="Tests\Feature\Playground\Make\Package\Console\Commands\PackageMakeCommand\OptionsTest" classname="Tests.Feature.Playground.Make.Package.Console.Commands.PackageMakeCommand.OptionsTest" assertions="1" time="0.249202"/>
        <testcase name="test_command_make_package_with_force_and_with_models_without_file" file="/app/tests/Feature/Console/Commands/PackageMakeCommand/OptionsTest.php" line="247" class="Tests\Feature\Playground\Make\Package\Console\Commands\PackageMakeCommand\OptionsTest" classname="Tests.Feature.Playground.Make.Package.Console.Commands.PackageMakeCommand.OptionsTest" assertions="1" time="0.049480"/>
        <testcase name="test_command_make_package_with_force_with_models_and_with_skeleton_without_file" file="/app/tests/Feature/Console/Commands/PackageMakeCommand/OptionsTest.php" line="258" class="Tests\Feature\Playground\Make\Package\Console\Commands\PackageMakeCommand\OptionsTest" classname="Tests.Feature.Playground.Make.Package.Console.Commands.PackageMakeCommand.OptionsTest" assertions="1" time="0.048640"/>
        <testcase name="test_command_make_package_with_force_and_with_license" file="/app/tests/Feature/Console/Commands/PackageMakeCommand/OptionsTest.php" line="269" class="Tests\Feature\Playground\Make\Package\Console\Commands\PackageMakeCommand\OptionsTest" classname="Tests.Feature.Playground.Make.Package.Console.Commands.PackageMakeCommand.OptionsTest" assertions="1" time="0.099443"/>
        <testcase name="test_command_make_package_with_force_with_license_and_with_skeleton" file="/app/tests/Feature/Console/Commands/PackageMakeCommand/OptionsTest.php" line="283" class="Tests\Feature\Playground\Make\Package\Console\Commands\PackageMakeCommand\OptionsTest" classname="Tests.Feature.Playground.Make.Package.Console.Commands.PackageMakeCommand.OptionsTest" assertions="1" time="0.243091"/>
        <testcase name="test_command_make_package_with_force_and_with_license_without_file" file="/app/tests/Feature/Console/Commands/PackageMakeCommand/OptionsTest.php" line="297" class="Tests\Feature\Playground\Make\Package\Console\Commands\PackageMakeCommand\OptionsTest" classname="Tests.Feature.Playground.Make.Package.Console.Commands.PackageMakeCommand.OptionsTest" assertions="1" time="0.052474"/>
        <testcase name="test_command_make_package_with_force_with_license_and_with_skeleton_without_file" file="/app/tests/Feature/Console/Commands/PackageMakeCommand/OptionsTest.php" line="308" class="Tests\Feature\Playground\Make\Package\Console\Commands\PackageMakeCommand\OptionsTest" classname="Tests.Feature.Playground.Make.Package.Console.Commands.PackageMakeCommand.OptionsTest" assertions="1" time="0.050865"/>
      </testsuite>
      <testsuite name="Tests\Acceptance\Playground\Make\Package\Console\Commands\PackageMakeCommand\ResourceTest" file="/app/tests/Feature/Console/Commands/PackageMakeCommand/ResourceTest.php" tests="2" assertions="2" errors="0" failures="0" skipped="0" time="0.177487">
        <testcase name="test_command_make_resource_package_with_force_and_without_skeleton" file="/app/tests/Feature/Console/Commands/PackageMakeCommand/ResourceTest.php" line="19" class="Tests\Acceptance\Playground\Make\Package\Console\Commands\PackageMakeCommand\ResourceTest" classname="Tests.Acceptance.Playground.Make.Package.Console.Commands.PackageMakeCommand.ResourceTest" assertions="1" time="0.067839"/>
        <testcase name="test_command_make_resource_package_with_force_and_with_skeleton" file="/app/tests/Feature/Console/Commands/PackageMakeCommand/ResourceTest.php" line="34" class="Tests\Acceptance\Playground\Make\Package\Console\Commands\PackageMakeCommand\ResourceTest" classname="Tests.Acceptance.Playground.Make.Package.Console.Commands.PackageMakeCommand.ResourceTest" assertions="1" time="0.109648"/>
      </testsuite>
      <testsuite name="Tests\Feature\Playground\Make\Package\Console\Commands\PackageMakeCommand\TypesTest" file="/app/tests/Feature/Console/Commands/PackageMakeCommand/TypesTest.php" tests="32" assertions="32" errors="0" failures="0" skipped="0" time="3.484880">
        <testcase name="test_command_make_package_with_force_and_with_playground_type" file="/app/tests/Feature/Console/Commands/PackageMakeCommand/TypesTest.php" line="19" class="Tests\Feature\Playground\Make\Package\Console\Commands\PackageMakeCommand\TypesTest" classname="Tests.Feature.Playground.Make.Package.Console.Commands.PackageMakeCommand.TypesTest" assertions="1" time="0.082690"/>
        <testcase name="test_command_make_package_with_force_with_playground_type_and_with_skeleton" file="/app/tests/Feature/Console/Commands/PackageMakeCommand/TypesTest.php" line="33" class="Tests\Feature\Playground\Make\Package\Console\Commands\PackageMakeCommand\TypesTest" classname="Tests.Feature.Playground.Make.Package.Console.Commands.PackageMakeCommand.TypesTest" assertions="1" time="0.246303"/>
        <testcase name="test_command_make_package_with_force_and_with_playground_type_without_file" file="/app/tests/Feature/Console/Commands/PackageMakeCommand/TypesTest.php" line="47" class="Tests\Feature\Playground\Make\Package\Console\Commands\PackageMakeCommand\TypesTest" classname="Tests.Feature.Playground.Make.Package.Console.Commands.PackageMakeCommand.TypesTest" assertions="1" time="0.045175"/>
        <testcase name="test_command_make_package_with_force_with_playground_type_and_with_skeleton_without_file" file="/app/tests/Feature/Console/Commands/PackageMakeCommand/TypesTest.php" line="58" class="Tests\Feature\Playground\Make\Package\Console\Commands\PackageMakeCommand\TypesTest" classname="Tests.Feature.Playground.Make.Package.Console.Commands.PackageMakeCommand.TypesTest" assertions="1" time="0.046803"/>
        <testcase name="test_command_make_package_with_force_and_with_playground_model_type" file="/app/tests/Feature/Console/Commands/PackageMakeCommand/TypesTest.php" line="69" class="Tests\Feature\Playground\Make\Package\Console\Commands\PackageMakeCommand\TypesTest" classname="Tests.Feature.Playground.Make.Package.Console.Commands.PackageMakeCommand.TypesTest" assertions="1" time="0.084423"/>
        <testcase name="test_command_make_package_with_force_with_playground_model_type_and_with_skeleton" file="/app/tests/Feature/Console/Commands/PackageMakeCommand/TypesTest.php" line="83" class="Tests\Feature\Playground\Make\Package\Console\Commands\PackageMakeCommand\TypesTest" classname="Tests.Feature.Playground.Make.Package.Console.Commands.PackageMakeCommand.TypesTest" assertions="1" time="0.248923"/>
        <testcase name="test_command_make_package_with_force_and_with_playground_model_type_without_file" file="/app/tests/Feature/Console/Commands/PackageMakeCommand/TypesTest.php" line="97" class="Tests\Feature\Playground\Make\Package\Console\Commands\PackageMakeCommand\TypesTest" classname="Tests.Feature.Playground.Make.Package.Console.Commands.PackageMakeCommand.TypesTest" assertions="1" time="0.046380"/>
        <testcase name="test_command_make_package_with_force_with_playground_model_type_and_with_skeleton_without_file" file="/app/tests/Feature/Console/Commands/PackageMakeCommand/TypesTest.php" line="108" class="Tests\Feature\Playground\Make\Package\Console\Commands\PackageMakeCommand\TypesTest" classname="Tests.Feature.Playground.Make.Package.Console.Commands.PackageMakeCommand.TypesTest" assertions="1" time="0.046486"/>
        <testcase name="test_command_make_package_with_force_and_with_playground_api_type" file="/app/tests/Feature/Console/Commands/PackageMakeCommand/TypesTest.php" line="119" class="Tests\Feature\Playground\Make\Package\Console\Commands\PackageMakeCommand\TypesTest" classname="Tests.Feature.Playground.Make.Package.Console.Commands.PackageMakeCommand.TypesTest" assertions="1" time="0.087160"/>
        <testcase name="test_command_make_package_with_force_with_playground_api_type_and_with_skeleton" file="/app/tests/Feature/Console/Commands/PackageMakeCommand/TypesTest.php" line="133" class="Tests\Feature\Playground\Make\Package\Console\Commands\PackageMakeCommand\TypesTest" classname="Tests.Feature.Playground.Make.Package.Console.Commands.PackageMakeCommand.TypesTest" assertions="1" time="0.243852"/>
        <testcase name="test_command_make_package_with_force_and_with_playground_api_type_without_file" file="/app/tests/Feature/Console/Commands/PackageMakeCommand/TypesTest.php" line="147" class="Tests\Feature\Playground\Make\Package\Console\Commands\PackageMakeCommand\TypesTest" classname="Tests.Feature.Playground.Make.Package.Console.Commands.PackageMakeCommand.TypesTest" assertions="1" time="0.047507"/>
        <testcase name="test_command_make_package_with_force_with_playground_api_type_and_with_skeleton_without_file" file="/app/tests/Feature/Console/Commands/PackageMakeCommand/TypesTest.php" line="158" class="Tests\Feature\Playground\Make\Package\Console\Commands\PackageMakeCommand\TypesTest" classname="Tests.Feature.Playground.Make.Package.Console.Commands.PackageMakeCommand.TypesTest" assertions="1" time="0.047168"/>
        <testcase name="test_command_make_package_with_force_and_with_playground_resource_type" file="/app/tests/Feature/Console/Commands/PackageMakeCommand/TypesTest.php" line="169" class="Tests\Feature\Playground\Make\Package\Console\Commands\PackageMakeCommand\TypesTest" classname="Tests.Feature.Playground.Make.Package.Console.Commands.PackageMakeCommand.TypesTest" assertions="1" time="0.095942"/>
        <testcase name="test_command_make_package_with_force_with_playground_resource_type_and_with_skeleton" file="/app/tests/Feature/Console/Commands/PackageMakeCommand/TypesTest.php" line="183" class="Tests\Feature\Playground\Make\Package\Console\Commands\PackageMakeCommand\TypesTest" classname="Tests.Feature.Playground.Make.Package.Console.Commands.PackageMakeCommand.TypesTest" assertions="1" time="0.250504"/>
        <testcase name="test_command_make_package_with_force_and_with_playground_resource_type_without_file" file="/app/tests/Feature/Console/Commands/PackageMakeCommand/TypesTest.php" line="197" class="Tests\Feature\Playground\Make\Package\Console\Commands\PackageMakeCommand\TypesTest" classname="Tests.Feature.Playground.Make.Package.Console.Commands.PackageMakeCommand.TypesTest" assertions="1" time="0.049634"/>
        <testcase name="test_command_make_package_with_force_with_playground_resource_type_and_with_skeleton_without_file" file="/app/tests/Feature/Console/Commands/PackageMakeCommand/TypesTest.php" line="208" class="Tests\Feature\Playground\Make\Package\Console\Commands\PackageMakeCommand\TypesTest" classname="Tests.Feature.Playground.Make.Package.Console.Commands.PackageMakeCommand.TypesTest" assertions="1" time="0.047682"/>
        <testcase name="test_command_make_package_with_force_and_with_api_type" file="/app/tests/Feature/Console/Commands/PackageMakeCommand/TypesTest.php" line="219" class="Tests\Feature\Playground\Make\Package\Console\Commands\PackageMakeCommand\TypesTest" classname="Tests.Feature.Playground.Make.Package.Console.Commands.PackageMakeCommand.TypesTest" assertions="1" time="0.087060"/>
        <testcase name="test_command_make_package_with_force_with_api_type_and_with_skeleton" file="/app/tests/Feature/Console/Commands/PackageMakeCommand/TypesTest.php" line="233" class="Tests\Feature\Playground\Make\Package\Console\Commands\PackageMakeCommand\TypesTest" classname="Tests.Feature.Playground.Make.Package.Console.Commands.PackageMakeCommand.TypesTest" assertions="1" time="0.250820"/>
        <testcase name="test_command_make_package_with_force_and_with_api_type_without_file" file="/app/tests/Feature/Console/Commands/PackageMakeCommand/TypesTest.php" line="247" class="Tests\Feature\Playground\Make\Package\Console\Commands\PackageMakeCommand\TypesTest" classname="Tests.Feature.Playground.Make.Package.Console.Commands.PackageMakeCommand.TypesTest" assertions="1" time="0.050651"/>
        <testcase name="test_command_make_package_with_force_with_api_type_and_with_skeleton_without_file" file="/app/tests/Feature/Console/Commands/PackageMakeCommand/TypesTest.php" line="258" class="Tests\Feature\Playground\Make\Package\Console\Commands\PackageMakeCommand\TypesTest" classname="Tests.Feature.Playground.Make.Package.Console.Commands.PackageMakeCommand.TypesTest" assertions="1" time="0.048237"/>
        <testcase name="test_command_make_package_with_force_and_with_resource_type" file="/app/tests/Feature/Console/Commands/PackageMakeCommand/TypesTest.php" line="269" class="Tests\Feature\Playground\Make\Package\Console\Commands\PackageMakeCommand\TypesTest" classname="Tests.Feature.Playground.Make.Package.Console.Commands.PackageMakeCommand.TypesTest" assertions="1" time="0.087357"/>
        <testcase name="test_command_make_package_with_force_with_resource_type_and_with_skeleton" file="/app/tests/Feature/Console/Commands/PackageMakeCommand/TypesTest.php" line="283" class="Tests\Feature\Playground\Make\Package\Console\Commands\PackageMakeCommand\TypesTest" classname="Tests.Feature.Playground.Make.Package.Console.Commands.PackageMakeCommand.TypesTest" assertions="1" time="0.250106"/>
        <testcase name="test_command_make_package_with_force_and_with_resource_type_without_file" file="/app/tests/Feature/Console/Commands/PackageMakeCommand/TypesTest.php" line="297" class="Tests\Feature\Playground\Make\Package\Console\Commands\PackageMakeCommand\TypesTest" classname="Tests.Feature.Playground.Make.Package.Console.Commands.PackageMakeCommand.TypesTest" assertions="1" time="0.051087"/>
        <testcase name="test_command_make_package_with_force_with_resource_type_and_with_skeleton_without_file" file="/app/tests/Feature/Console/Commands/PackageMakeCommand/TypesTest.php" line="308" class="Tests\Feature\Playground\Make\Package\Console\Commands\PackageMakeCommand\TypesTest" classname="Tests.Feature.Playground.Make.Package.Console.Commands.PackageMakeCommand.TypesTest" assertions="1" time="0.048057"/>
        <testcase name="test_command_make_package_with_force_and_with_default_type" file="/app/tests/Feature/Console/Commands/PackageMakeCommand/TypesTest.php" line="319" class="Tests\Feature\Playground\Make\Package\Console\Commands\PackageMakeCommand\TypesTest" classname="Tests.Feature.Playground.Make.Package.Console.Commands.PackageMakeCommand.TypesTest" assertions="1" time="0.088234"/>
        <testcase name="test_command_make_package_with_force_with_default_type_and_with_skeleton" file="/app/tests/Feature/Console/Commands/PackageMakeCommand/TypesTest.php" line="333" class="Tests\Feature\Playground\Make\Package\Console\Commands\PackageMakeCommand\TypesTest" classname="Tests.Feature.Playground.Make.Package.Console.Commands.PackageMakeCommand.TypesTest" assertions="1" time="0.248772"/>
        <testcase name="test_command_make_package_with_force_and_with_default_type_without_file" file="/app/tests/Feature/Console/Commands/PackageMakeCommand/TypesTest.php" line="347" class="Tests\Feature\Playground\Make\Package\Console\Commands\PackageMakeCommand\TypesTest" classname="Tests.Feature.Playground.Make.Package.Console.Commands.PackageMakeCommand.TypesTest" assertions="1" time="0.054800"/>
        <testcase name="test_command_make_package_with_force_with_default_type_and_with_skeleton_without_file" file="/app/tests/Feature/Console/Commands/PackageMakeCommand/TypesTest.php" line="358" class="Tests\Feature\Playground\Make\Package\Console\Commands\PackageMakeCommand\TypesTest" classname="Tests.Feature.Playground.Make.Package.Console.Commands.PackageMakeCommand.TypesTest" assertions="1" time="0.049903"/>
        <testcase name="test_command_make_package_with_force_and_with_default_type_with_policies" file="/app/tests/Feature/Console/Commands/PackageMakeCommand/TypesTest.php" line="369" class="Tests\Feature\Playground\Make\Package\Console\Commands\PackageMakeCommand\TypesTest" classname="Tests.Feature.Playground.Make.Package.Console.Commands.PackageMakeCommand.TypesTest" assertions="1" time="0.089899"/>
        <testcase name="test_command_make_package_with_force_with_playground_model_type_and_with_skeleton_with_policies" file="/app/tests/Feature/Console/Commands/PackageMakeCommand/TypesTest.php" line="383" class="Tests\Feature\Playground\Make\Package\Console\Commands\PackageMakeCommand\TypesTest" classname="Tests.Feature.Playground.Make.Package.Console.Commands.PackageMakeCommand.TypesTest" assertions="1" time="0.256929"/>
        <testcase name="test_command_make_package_with_force_and_with_playground_model_type_without_file_with_policies" file="/app/tests/Feature/Console/Commands/PackageMakeCommand/TypesTest.php" line="397" class="Tests\Feature\Playground\Make\Package\Console\Commands\PackageMakeCommand\TypesTest" classname="Tests.Feature.Playground.Make.Package.Console.Commands.PackageMakeCommand.TypesTest" assertions="1" time="0.054319"/>
        <testcase name="test_command_make_package_with_force_with_playground_model_type_and_with_skeleton_without_file_with_policies" file="/app/tests/Feature/Console/Commands/PackageMakeCommand/TypesTest.php" line="408" class="Tests\Feature\Playground\Make\Package\Console\Commands\PackageMakeCommand\TypesTest" classname="Tests.Feature.Playground.Make.Package.Console.Commands.PackageMakeCommand.TypesTest" assertions="1" time="0.052019"/>
      </testsuite>
    </testsuite>
  </testsuite>
</testsuites>
