<?xml version="1.0" encoding="UTF-8"?>
<testsuites>
  <testsuite name="/app/phpunit.xml.dist" tests="76" assertions="153" errors="0" failures="0" skipped="0" time="7.269755">
    <testsuite name="Unit" tests="11" assertions="86" errors="0" failures="0" skipped="0" time="0.760724">
      <testsuite name="Tests\Unit\Playground\Make\Package\Configuration\Package\InstanceTest" file="/app/tests/Unit/Configuration/Package/InstanceTest.php" tests="10" assertions="85" errors="0" failures="0" skipped="0" time="0.505957">
        <testcase name="test_instance" file="/app/tests/Unit/Configuration/Package/InstanceTest.php" line="21" class="Tests\Unit\Playground\Make\Package\Configuration\Package\InstanceTest" classname="Tests.Unit.Playground.Make.Package.Configuration.Package.InstanceTest" assertions="1" time="0.280399"/>
        <testcase name="test_instance_apply_without_options" file="/app/tests/Unit/Configuration/Package/InstanceTest.php" line="80" class="Tests\Unit\Playground\Make\Package\Configuration\Package\InstanceTest" classname="Tests.Unit.Playground.Make.Package.Configuration.Package.InstanceTest" assertions="4" time="0.025117"/>
        <testcase name="test_folder_is_empty_by_default" file="/app/tests/Unit/Configuration/Package/InstanceTest.php" line="97" class="Tests\Unit\Playground\Make\Package\Configuration\Package\InstanceTest" classname="Tests.Unit.Playground.Make.Package.Configuration.Package.InstanceTest" assertions="3" time="0.023938"/>
        <testcase name="test_package_for_model_with_file_and_skeleton" file="/app/tests/Unit/Configuration/Package/InstanceTest.php" line="107" class="Tests\Unit\Playground\Make\Package\Configuration\Package\InstanceTest" classname="Tests.Unit.Playground.Make.Package.Configuration.Package.InstanceTest" assertions="26" time="0.024252"/>
        <testcase name="test_package_for_api_with_file_and_skeleton" file="/app/tests/Unit/Configuration/Package/InstanceTest.php" line="167" class="Tests\Unit\Playground\Make\Package\Configuration\Package\InstanceTest" classname="Tests.Unit.Playground.Make.Package.Configuration.Package.InstanceTest" assertions="26" time="0.024308"/>
        <testcase name="test_addKeyword_with_invalid_keyword_and_log_message" file="/app/tests/Unit/Configuration/Package/InstanceTest.php" line="241" class="Tests\Unit\Playground\Make\Package\Configuration\Package\InstanceTest" classname="Tests.Unit.Playground.Make.Package.Configuration.Package.InstanceTest" assertions="5" time="0.026294"/>
        <testcase name="test_addRequire_with_invalid_package_and_log_message" file="/app/tests/Unit/Configuration/Package/InstanceTest.php" line="268" class="Tests\Unit\Playground\Make\Package\Configuration\Package\InstanceTest" classname="Tests.Unit.Playground.Make.Package.Configuration.Package.InstanceTest" assertions="5" time="0.025215"/>
        <testcase name="test_addRequire_with_invalid_version_and_log_message" file="/app/tests/Unit/Configuration/Package/InstanceTest.php" line="297" class="Tests\Unit\Playground\Make\Package\Configuration\Package\InstanceTest" classname="Tests.Unit.Playground.Make.Package.Configuration.Package.InstanceTest" assertions="5" time="0.025062"/>
        <testcase name="test_addRequireDev_with_invalid_package_and_log_message" file="/app/tests/Unit/Configuration/Package/InstanceTest.php" line="326" class="Tests\Unit\Playground\Make\Package\Configuration\Package\InstanceTest" classname="Tests.Unit.Playground.Make.Package.Configuration.Package.InstanceTest" assertions="5" time="0.024963"/>
        <testcase name="test_addRequireDev_with_invalid_version_and_log_message" file="/app/tests/Unit/Configuration/Package/InstanceTest.php" line="355" class="Tests\Unit\Playground\Make\Package\Configuration\Package\InstanceTest" classname="Tests.Unit.Playground.Make.Package.Configuration.Package.InstanceTest" assertions="5" time="0.026408"/>
      </testsuite>
      <testsuite name="Tests\Unit\Playground\Make\Package\Console\Commands\PackageMakeCommand\CommandTest" file="/app/tests/Unit/Console/Commands/PackageMakeCommand/CommandTest.php" tests="1" assertions="1" errors="0" failures="0" skipped="0" time="0.254767">
        <testcase name="test_command_displays_help" file="/app/tests/Unit/Console/Commands/PackageMakeCommand/CommandTest.php" line="19" class="Tests\Unit\Playground\Make\Package\Console\Commands\PackageMakeCommand\CommandTest" classname="Tests.Unit.Playground.Make.Package.Console.Commands.PackageMakeCommand.CommandTest" assertions="1" time="0.254767"/>
      </testsuite>
    </testsuite>
    <testsuite name="Feature" tests="65" assertions="67" errors="0" failures="0" skipped="0" time="6.509031">
      <testsuite name="Tests\Feature\Playground\Make\Package\Console\Commands\About\CommandTest" file="/app/tests/Feature/Console/Commands/About/CommandTest.php" tests="1" assertions="2" errors="0" failures="0" skipped="0" time="0.124242">
        <testcase name="test_command_about_displays_package_information_and_succeed_with_code_0" file="/app/tests/Feature/Console/Commands/About/CommandTest.php" line="27" class="Tests\Feature\Playground\Make\Package\Console\Commands\About\CommandTest" classname="Tests.Feature.Playground.Make.Package.Console.Commands.About.CommandTest" assertions="2" time="0.124242"/>
      </testsuite>
      <testsuite name="Tests\Acceptance\Playground\Make\Package\Console\Commands\PackageMakeCommand\ApiTest" file="/app/tests/Feature/Console/Commands/PackageMakeCommand/ApiTest.php" tests="2" assertions="2" errors="0" failures="0" skipped="0" time="0.311384">
        <testcase name="test_command_make_api_package_with_force_and_without_skeleton" file="/app/tests/Feature/Console/Commands/PackageMakeCommand/ApiTest.php" line="19" class="Tests\Acceptance\Playground\Make\Package\Console\Commands\PackageMakeCommand\ApiTest" classname="Tests.Acceptance.Playground.Make.Package.Console.Commands.PackageMakeCommand.ApiTest" assertions="1" time="0.087665"/>
        <testcase name="test_command_make_api_package_with_force_and_with_skeleton" file="/app/tests/Feature/Console/Commands/PackageMakeCommand/ApiTest.php" line="34" class="Tests\Acceptance\Playground\Make\Package\Console\Commands\PackageMakeCommand\ApiTest" classname="Tests.Acceptance.Playground.Make.Package.Console.Commands.PackageMakeCommand.ApiTest" assertions="1" time="0.223720"/>
      </testsuite>
      <testsuite name="Tests\Feature\Playground\Make\Package\Console\Commands\PackageMakeCommand\CommandTest" file="/app/tests/Feature/Console/Commands/PackageMakeCommand/CommandTest.php" tests="2" assertions="3" errors="0" failures="0" skipped="0" time="0.068286">
        <testcase name="test_command_without_options_or_arguments" file="/app/tests/Feature/Console/Commands/PackageMakeCommand/CommandTest.php" line="20" class="Tests\Feature\Playground\Make\Package\Console\Commands\PackageMakeCommand\CommandTest" classname="Tests.Feature.Playground.Make.Package.Console.Commands.PackageMakeCommand.CommandTest" assertions="2" time="0.028494"/>
        <testcase name="test_command_skeleton" file="/app/tests/Feature/Console/Commands/PackageMakeCommand/CommandTest.php" line="32" class="Tests\Feature\Playground\Make\Package\Console\Commands\PackageMakeCommand\CommandTest" classname="Tests.Feature.Playground.Make.Package.Console.Commands.PackageMakeCommand.CommandTest" assertions="1" time="0.039792"/>
      </testsuite>
      <testsuite name="Tests\Acceptance\Playground\Make\Package\Console\Commands\PackageMakeCommand\ModelTest" file="/app/tests/Feature/Console/Commands/PackageMakeCommand/ModelTest.php" tests="2" assertions="2" errors="0" failures="0" skipped="0" time="0.292220">
        <testcase name="test_command_make_model_package_with_force_and_without_skeleton" file="/app/tests/Feature/Console/Commands/PackageMakeCommand/ModelTest.php" line="19" class="Tests\Acceptance\Playground\Make\Package\Console\Commands\PackageMakeCommand\ModelTest" classname="Tests.Acceptance.Playground.Make.Package.Console.Commands.PackageMakeCommand.ModelTest" assertions="1" time="0.074977"/>
        <testcase name="test_command_make_model_package_with_force_and_with_skeleton" file="/app/tests/Feature/Console/Commands/PackageMakeCommand/ModelTest.php" line="34" class="Tests\Acceptance\Playground\Make\Package\Console\Commands\PackageMakeCommand\ModelTest" classname="Tests.Acceptance.Playground.Make.Package.Console.Commands.PackageMakeCommand.ModelTest" assertions="1" time="0.217243"/>
      </testsuite>
      <testsuite name="Tests\Feature\Playground\Make\Package\Console\Commands\PackageMakeCommand\OptionsTest" file="/app/tests/Feature/Console/Commands/PackageMakeCommand/OptionsTest.php" tests="24" assertions="24" errors="0" failures="0" skipped="0" time="2.371096">
        <testcase name="test_command_make_package_with_force_and_with_factories" file="/app/tests/Feature/Console/Commands/PackageMakeCommand/OptionsTest.php" line="19" class="Tests\Feature\Playground\Make\Package\Console\Commands\PackageMakeCommand\OptionsTest" classname="Tests.Feature.Playground.Make.Package.Console.Commands.PackageMakeCommand.OptionsTest" assertions="1" time="0.078201"/>
        <testcase name="test_command_make_package_with_force_with_factories_and_with_skeleton" file="/app/tests/Feature/Console/Commands/PackageMakeCommand/OptionsTest.php" line="33" class="Tests\Feature\Playground\Make\Package\Console\Commands\PackageMakeCommand\OptionsTest" classname="Tests.Feature.Playground.Make.Package.Console.Commands.PackageMakeCommand.OptionsTest" assertions="1" time="0.219488"/>
        <testcase name="test_command_make_package_with_force_and_with_factories_without_file" file="/app/tests/Feature/Console/Commands/PackageMakeCommand/OptionsTest.php" line="47" class="Tests\Feature\Playground\Make\Package\Console\Commands\PackageMakeCommand\OptionsTest" classname="Tests.Feature.Playground.Make.Package.Console.Commands.PackageMakeCommand.OptionsTest" assertions="1" time="0.042265"/>
        <testcase name="test_command_make_package_with_force_with_factories_and_with_skeleton_without_file" file="/app/tests/Feature/Console/Commands/PackageMakeCommand/OptionsTest.php" line="58" class="Tests\Feature\Playground\Make\Package\Console\Commands\PackageMakeCommand\OptionsTest" classname="Tests.Feature.Playground.Make.Package.Console.Commands.PackageMakeCommand.OptionsTest" assertions="1" time="0.042127"/>
        <testcase name="test_command_make_package_with_force_and_with_policies" file="/app/tests/Feature/Console/Commands/PackageMakeCommand/OptionsTest.php" line="69" class="Tests\Feature\Playground\Make\Package\Console\Commands\PackageMakeCommand\OptionsTest" classname="Tests.Feature.Playground.Make.Package.Console.Commands.PackageMakeCommand.OptionsTest" assertions="1" time="0.078608"/>
        <testcase name="test_command_make_package_with_force_with_policies_and_with_skeleton" file="/app/tests/Feature/Console/Commands/PackageMakeCommand/OptionsTest.php" line="83" class="Tests\Feature\Playground\Make\Package\Console\Commands\PackageMakeCommand\OptionsTest" classname="Tests.Feature.Playground.Make.Package.Console.Commands.PackageMakeCommand.OptionsTest" assertions="1" time="0.217955"/>
        <testcase name="test_command_make_package_with_force_and_with_policies_without_file" file="/app/tests/Feature/Console/Commands/PackageMakeCommand/OptionsTest.php" line="97" class="Tests\Feature\Playground\Make\Package\Console\Commands\PackageMakeCommand\OptionsTest" classname="Tests.Feature.Playground.Make.Package.Console.Commands.PackageMakeCommand.OptionsTest" assertions="1" time="0.042420"/>
        <testcase name="test_command_make_package_with_force_with_policies_and_with_skeleton_without_file" file="/app/tests/Feature/Console/Commands/PackageMakeCommand/OptionsTest.php" line="108" class="Tests\Feature\Playground\Make\Package\Console\Commands\PackageMakeCommand\OptionsTest" classname="Tests.Feature.Playground.Make.Package.Console.Commands.PackageMakeCommand.OptionsTest" assertions="1" time="0.043223"/>
        <testcase name="test_command_make_package_with_force_and_with_controllers" file="/app/tests/Feature/Console/Commands/PackageMakeCommand/OptionsTest.php" line="119" class="Tests\Feature\Playground\Make\Package\Console\Commands\PackageMakeCommand\OptionsTest" classname="Tests.Feature.Playground.Make.Package.Console.Commands.PackageMakeCommand.OptionsTest" assertions="1" time="0.083754"/>
        <testcase name="test_command_make_package_with_force_with_controllers_and_with_skeleton" file="/app/tests/Feature/Console/Commands/PackageMakeCommand/OptionsTest.php" line="133" class="Tests\Feature\Playground\Make\Package\Console\Commands\PackageMakeCommand\OptionsTest" classname="Tests.Feature.Playground.Make.Package.Console.Commands.PackageMakeCommand.OptionsTest" assertions="1" time="0.220722"/>
        <testcase name="test_command_make_package_with_force_and_with_controllers_without_file" file="/app/tests/Feature/Console/Commands/PackageMakeCommand/OptionsTest.php" line="147" class="Tests\Feature\Playground\Make\Package\Console\Commands\PackageMakeCommand\OptionsTest" classname="Tests.Feature.Playground.Make.Package.Console.Commands.PackageMakeCommand.OptionsTest" assertions="1" time="0.043818"/>
        <testcase name="test_command_make_package_with_force_with_controllers_and_with_skeleton_without_file" file="/app/tests/Feature/Console/Commands/PackageMakeCommand/OptionsTest.php" line="158" class="Tests\Feature\Playground\Make\Package\Console\Commands\PackageMakeCommand\OptionsTest" classname="Tests.Feature.Playground.Make.Package.Console.Commands.PackageMakeCommand.OptionsTest" assertions="1" time="0.057875"/>
        <testcase name="test_command_make_package_with_force_and_with_migrations" file="/app/tests/Feature/Console/Commands/PackageMakeCommand/OptionsTest.php" line="169" class="Tests\Feature\Playground\Make\Package\Console\Commands\PackageMakeCommand\OptionsTest" classname="Tests.Feature.Playground.Make.Package.Console.Commands.PackageMakeCommand.OptionsTest" assertions="1" time="0.080604"/>
        <testcase name="test_command_make_package_with_force_with_migrations_and_with_skeleton" file="/app/tests/Feature/Console/Commands/PackageMakeCommand/OptionsTest.php" line="183" class="Tests\Feature\Playground\Make\Package\Console\Commands\PackageMakeCommand\OptionsTest" classname="Tests.Feature.Playground.Make.Package.Console.Commands.PackageMakeCommand.OptionsTest" assertions="1" time="0.228270"/>
        <testcase name="test_command_make_package_with_force_and_with_migrations_without_file" file="/app/tests/Feature/Console/Commands/PackageMakeCommand/OptionsTest.php" line="197" class="Tests\Feature\Playground\Make\Package\Console\Commands\PackageMakeCommand\OptionsTest" classname="Tests.Feature.Playground.Make.Package.Console.Commands.PackageMakeCommand.OptionsTest" assertions="1" time="0.045940"/>
        <testcase name="test_command_make_package_with_force_with_migrations_and_with_skeleton_without_file" file="/app/tests/Feature/Console/Commands/PackageMakeCommand/OptionsTest.php" line="208" class="Tests\Feature\Playground\Make\Package\Console\Commands\PackageMakeCommand\OptionsTest" classname="Tests.Feature.Playground.Make.Package.Console.Commands.PackageMakeCommand.OptionsTest" assertions="1" time="0.043649"/>
        <testcase name="test_command_make_package_with_force_and_with_models" file="/app/tests/Feature/Console/Commands/PackageMakeCommand/OptionsTest.php" line="219" class="Tests\Feature\Playground\Make\Package\Console\Commands\PackageMakeCommand\OptionsTest" classname="Tests.Feature.Playground.Make.Package.Console.Commands.PackageMakeCommand.OptionsTest" assertions="1" time="0.080796"/>
        <testcase name="test_command_make_package_with_force_with_models_and_with_skeleton" file="/app/tests/Feature/Console/Commands/PackageMakeCommand/OptionsTest.php" line="233" class="Tests\Feature\Playground\Make\Package\Console\Commands\PackageMakeCommand\OptionsTest" classname="Tests.Feature.Playground.Make.Package.Console.Commands.PackageMakeCommand.OptionsTest" assertions="1" time="0.227676"/>
        <testcase name="test_command_make_package_with_force_and_with_models_without_file" file="/app/tests/Feature/Console/Commands/PackageMakeCommand/OptionsTest.php" line="247" class="Tests\Feature\Playground\Make\Package\Console\Commands\PackageMakeCommand\OptionsTest" classname="Tests.Feature.Playground.Make.Package.Console.Commands.PackageMakeCommand.OptionsTest" assertions="1" time="0.047191"/>
        <testcase name="test_command_make_package_with_force_with_models_and_with_skeleton_without_file" file="/app/tests/Feature/Console/Commands/PackageMakeCommand/OptionsTest.php" line="258" class="Tests\Feature\Playground\Make\Package\Console\Commands\PackageMakeCommand\OptionsTest" classname="Tests.Feature.Playground.Make.Package.Console.Commands.PackageMakeCommand.OptionsTest" assertions="1" time="0.044711"/>
        <testcase name="test_command_make_package_with_force_and_with_license" file="/app/tests/Feature/Console/Commands/PackageMakeCommand/OptionsTest.php" line="269" class="Tests\Feature\Playground\Make\Package\Console\Commands\PackageMakeCommand\OptionsTest" classname="Tests.Feature.Playground.Make.Package.Console.Commands.PackageMakeCommand.OptionsTest" assertions="1" time="0.082009"/>
        <testcase name="test_command_make_package_with_force_with_license_and_with_skeleton" file="/app/tests/Feature/Console/Commands/PackageMakeCommand/OptionsTest.php" line="283" class="Tests\Feature\Playground\Make\Package\Console\Commands\PackageMakeCommand\OptionsTest" classname="Tests.Feature.Playground.Make.Package.Console.Commands.PackageMakeCommand.OptionsTest" assertions="1" time="0.225903"/>
        <testcase name="test_command_make_package_with_force_and_with_license_without_file" file="/app/tests/Feature/Console/Commands/PackageMakeCommand/OptionsTest.php" line="297" class="Tests\Feature\Playground\Make\Package\Console\Commands\PackageMakeCommand\OptionsTest" classname="Tests.Feature.Playground.Make.Package.Console.Commands.PackageMakeCommand.OptionsTest" assertions="1" time="0.048498"/>
        <testcase name="test_command_make_package_with_force_with_license_and_with_skeleton_without_file" file="/app/tests/Feature/Console/Commands/PackageMakeCommand/OptionsTest.php" line="308" class="Tests\Feature\Playground\Make\Package\Console\Commands\PackageMakeCommand\OptionsTest" classname="Tests.Feature.Playground.Make.Package.Console.Commands.PackageMakeCommand.OptionsTest" assertions="1" time="0.045392"/>
      </testsuite>
      <testsuite name="Tests\Acceptance\Playground\Make\Package\Console\Commands\PackageMakeCommand\ResourceTest" file="/app/tests/Feature/Console/Commands/PackageMakeCommand/ResourceTest.php" tests="2" assertions="2" errors="0" failures="0" skipped="0" time="0.153358">
        <testcase name="test_command_make_resource_package_with_force_and_without_skeleton" file="/app/tests/Feature/Console/Commands/PackageMakeCommand/ResourceTest.php" line="19" class="Tests\Acceptance\Playground\Make\Package\Console\Commands\PackageMakeCommand\ResourceTest" classname="Tests.Acceptance.Playground.Make.Package.Console.Commands.PackageMakeCommand.ResourceTest" assertions="1" time="0.062188"/>
        <testcase name="test_command_make_resource_package_with_force_and_with_skeleton" file="/app/tests/Feature/Console/Commands/PackageMakeCommand/ResourceTest.php" line="34" class="Tests\Acceptance\Playground\Make\Package\Console\Commands\PackageMakeCommand\ResourceTest" classname="Tests.Acceptance.Playground.Make.Package.Console.Commands.PackageMakeCommand.ResourceTest" assertions="1" time="0.091170"/>
      </testsuite>
      <testsuite name="Tests\Feature\Playground\Make\Package\Console\Commands\PackageMakeCommand\TypesTest" file="/app/tests/Feature/Console/Commands/PackageMakeCommand/TypesTest.php" tests="32" assertions="32" errors="0" failures="0" skipped="0" time="3.188444">
        <testcase name="test_command_make_package_with_force_and_with_playground_type" file="/app/tests/Feature/Console/Commands/PackageMakeCommand/TypesTest.php" line="19" class="Tests\Feature\Playground\Make\Package\Console\Commands\PackageMakeCommand\TypesTest" classname="Tests.Feature.Playground.Make.Package.Console.Commands.PackageMakeCommand.TypesTest" assertions="1" time="0.078994"/>
        <testcase name="test_command_make_package_with_force_with_playground_type_and_with_skeleton" file="/app/tests/Feature/Console/Commands/PackageMakeCommand/TypesTest.php" line="33" class="Tests\Feature\Playground\Make\Package\Console\Commands\PackageMakeCommand\TypesTest" classname="Tests.Feature.Playground.Make.Package.Console.Commands.PackageMakeCommand.TypesTest" assertions="1" time="0.230967"/>
        <testcase name="test_command_make_package_with_force_and_with_playground_type_without_file" file="/app/tests/Feature/Console/Commands/PackageMakeCommand/TypesTest.php" line="47" class="Tests\Feature\Playground\Make\Package\Console\Commands\PackageMakeCommand\TypesTest" classname="Tests.Feature.Playground.Make.Package.Console.Commands.PackageMakeCommand.TypesTest" assertions="1" time="0.041370"/>
        <testcase name="test_command_make_package_with_force_with_playground_type_and_with_skeleton_without_file" file="/app/tests/Feature/Console/Commands/PackageMakeCommand/TypesTest.php" line="58" class="Tests\Feature\Playground\Make\Package\Console\Commands\PackageMakeCommand\TypesTest" classname="Tests.Feature.Playground.Make.Package.Console.Commands.PackageMakeCommand.TypesTest" assertions="1" time="0.041446"/>
        <testcase name="test_command_make_package_with_force_and_with_playground_model_type" file="/app/tests/Feature/Console/Commands/PackageMakeCommand/TypesTest.php" line="69" class="Tests\Feature\Playground\Make\Package\Console\Commands\PackageMakeCommand\TypesTest" classname="Tests.Feature.Playground.Make.Package.Console.Commands.PackageMakeCommand.TypesTest" assertions="1" time="0.081082"/>
        <testcase name="test_command_make_package_with_force_with_playground_model_type_and_with_skeleton" file="/app/tests/Feature/Console/Commands/PackageMakeCommand/TypesTest.php" line="83" class="Tests\Feature\Playground\Make\Package\Console\Commands\PackageMakeCommand\TypesTest" classname="Tests.Feature.Playground.Make.Package.Console.Commands.PackageMakeCommand.TypesTest" assertions="1" time="0.225572"/>
        <testcase name="test_command_make_package_with_force_and_with_playground_model_type_without_file" file="/app/tests/Feature/Console/Commands/PackageMakeCommand/TypesTest.php" line="97" class="Tests\Feature\Playground\Make\Package\Console\Commands\PackageMakeCommand\TypesTest" classname="Tests.Feature.Playground.Make.Package.Console.Commands.PackageMakeCommand.TypesTest" assertions="1" time="0.043749"/>
        <testcase name="test_command_make_package_with_force_with_playground_model_type_and_with_skeleton_without_file" file="/app/tests/Feature/Console/Commands/PackageMakeCommand/TypesTest.php" line="108" class="Tests\Feature\Playground\Make\Package\Console\Commands\PackageMakeCommand\TypesTest" classname="Tests.Feature.Playground.Make.Package.Console.Commands.PackageMakeCommand.TypesTest" assertions="1" time="0.042215"/>
        <testcase name="test_command_make_package_with_force_and_with_playground_api_type" file="/app/tests/Feature/Console/Commands/PackageMakeCommand/TypesTest.php" line="119" class="Tests\Feature\Playground\Make\Package\Console\Commands\PackageMakeCommand\TypesTest" classname="Tests.Feature.Playground.Make.Package.Console.Commands.PackageMakeCommand.TypesTest" assertions="1" time="0.085359"/>
        <testcase name="test_command_make_package_with_force_with_playground_api_type_and_with_skeleton" file="/app/tests/Feature/Console/Commands/PackageMakeCommand/TypesTest.php" line="133" class="Tests\Feature\Playground\Make\Package\Console\Commands\PackageMakeCommand\TypesTest" classname="Tests.Feature.Playground.Make.Package.Console.Commands.PackageMakeCommand.TypesTest" assertions="1" time="0.219363"/>
        <testcase name="test_command_make_package_with_force_and_with_playground_api_type_without_file" file="/app/tests/Feature/Console/Commands/PackageMakeCommand/TypesTest.php" line="147" class="Tests\Feature\Playground\Make\Package\Console\Commands\PackageMakeCommand\TypesTest" classname="Tests.Feature.Playground.Make.Package.Console.Commands.PackageMakeCommand.TypesTest" assertions="1" time="0.043009"/>
        <testcase name="test_command_make_package_with_force_with_playground_api_type_and_with_skeleton_without_file" file="/app/tests/Feature/Console/Commands/PackageMakeCommand/TypesTest.php" line="158" class="Tests\Feature\Playground\Make\Package\Console\Commands\PackageMakeCommand\TypesTest" classname="Tests.Feature.Playground.Make.Package.Console.Commands.PackageMakeCommand.TypesTest" assertions="1" time="0.042593"/>
        <testcase name="test_command_make_package_with_force_and_with_playground_resource_type" file="/app/tests/Feature/Console/Commands/PackageMakeCommand/TypesTest.php" line="169" class="Tests\Feature\Playground\Make\Package\Console\Commands\PackageMakeCommand\TypesTest" classname="Tests.Feature.Playground.Make.Package.Console.Commands.PackageMakeCommand.TypesTest" assertions="1" time="0.081337"/>
        <testcase name="test_command_make_package_with_force_with_playground_resource_type_and_with_skeleton" file="/app/tests/Feature/Console/Commands/PackageMakeCommand/TypesTest.php" line="183" class="Tests\Feature\Playground\Make\Package\Console\Commands\PackageMakeCommand\TypesTest" classname="Tests.Feature.Playground.Make.Package.Console.Commands.PackageMakeCommand.TypesTest" assertions="1" time="0.223910"/>
        <testcase name="test_command_make_package_with_force_and_with_playground_resource_type_without_file" file="/app/tests/Feature/Console/Commands/PackageMakeCommand/TypesTest.php" line="197" class="Tests\Feature\Playground\Make\Package\Console\Commands\PackageMakeCommand\TypesTest" classname="Tests.Feature.Playground.Make.Package.Console.Commands.PackageMakeCommand.TypesTest" assertions="1" time="0.044036"/>
        <testcase name="test_command_make_package_with_force_with_playground_resource_type_and_with_skeleton_without_file" file="/app/tests/Feature/Console/Commands/PackageMakeCommand/TypesTest.php" line="208" class="Tests\Feature\Playground\Make\Package\Console\Commands\PackageMakeCommand\TypesTest" classname="Tests.Feature.Playground.Make.Package.Console.Commands.PackageMakeCommand.TypesTest" assertions="1" time="0.044012"/>
        <testcase name="test_command_make_package_with_force_and_with_api_type" file="/app/tests/Feature/Console/Commands/PackageMakeCommand/TypesTest.php" line="219" class="Tests\Feature\Playground\Make\Package\Console\Commands\PackageMakeCommand\TypesTest" classname="Tests.Feature.Playground.Make.Package.Console.Commands.PackageMakeCommand.TypesTest" assertions="1" time="0.084085"/>
        <testcase name="test_command_make_package_with_force_with_api_type_and_with_skeleton" file="/app/tests/Feature/Console/Commands/PackageMakeCommand/TypesTest.php" line="233" class="Tests\Feature\Playground\Make\Package\Console\Commands\PackageMakeCommand\TypesTest" classname="Tests.Feature.Playground.Make.Package.Console.Commands.PackageMakeCommand.TypesTest" assertions="1" time="0.224912"/>
        <testcase name="test_command_make_package_with_force_and_with_api_type_without_file" file="/app/tests/Feature/Console/Commands/PackageMakeCommand/TypesTest.php" line="247" class="Tests\Feature\Playground\Make\Package\Console\Commands\PackageMakeCommand\TypesTest" classname="Tests.Feature.Playground.Make.Package.Console.Commands.PackageMakeCommand.TypesTest" assertions="1" time="0.044631"/>
        <testcase name="test_command_make_package_with_force_with_api_type_and_with_skeleton_without_file" file="/app/tests/Feature/Console/Commands/PackageMakeCommand/TypesTest.php" line="258" class="Tests\Feature\Playground\Make\Package\Console\Commands\PackageMakeCommand\TypesTest" classname="Tests.Feature.Playground.Make.Package.Console.Commands.PackageMakeCommand.TypesTest" assertions="1" time="0.044387"/>
        <testcase name="test_command_make_package_with_force_and_with_resource_type" file="/app/tests/Feature/Console/Commands/PackageMakeCommand/TypesTest.php" line="269" class="Tests\Feature\Playground\Make\Package\Console\Commands\PackageMakeCommand\TypesTest" classname="Tests.Feature.Playground.Make.Package.Console.Commands.PackageMakeCommand.TypesTest" assertions="1" time="0.085502"/>
        <testcase name="test_command_make_package_with_force_with_resource_type_and_with_skeleton" file="/app/tests/Feature/Console/Commands/PackageMakeCommand/TypesTest.php" line="283" class="Tests\Feature\Playground\Make\Package\Console\Commands\PackageMakeCommand\TypesTest" classname="Tests.Feature.Playground.Make.Package.Console.Commands.PackageMakeCommand.TypesTest" assertions="1" time="0.221296"/>
        <testcase name="test_command_make_package_with_force_and_with_resource_type_without_file" file="/app/tests/Feature/Console/Commands/PackageMakeCommand/TypesTest.php" line="297" class="Tests\Feature\Playground\Make\Package\Console\Commands\PackageMakeCommand\TypesTest" classname="Tests.Feature.Playground.Make.Package.Console.Commands.PackageMakeCommand.TypesTest" assertions="1" time="0.045954"/>
        <testcase name="test_command_make_package_with_force_with_resource_type_and_with_skeleton_without_file" file="/app/tests/Feature/Console/Commands/PackageMakeCommand/TypesTest.php" line="308" class="Tests\Feature\Playground\Make\Package\Console\Commands\PackageMakeCommand\TypesTest" classname="Tests.Feature.Playground.Make.Package.Console.Commands.PackageMakeCommand.TypesTest" assertions="1" time="0.045706"/>
        <testcase name="test_command_make_package_with_force_and_with_default_type" file="/app/tests/Feature/Console/Commands/PackageMakeCommand/TypesTest.php" line="319" class="Tests\Feature\Playground\Make\Package\Console\Commands\PackageMakeCommand\TypesTest" classname="Tests.Feature.Playground.Make.Package.Console.Commands.PackageMakeCommand.TypesTest" assertions="1" time="0.087472"/>
        <testcase name="test_command_make_package_with_force_with_default_type_and_with_skeleton" file="/app/tests/Feature/Console/Commands/PackageMakeCommand/TypesTest.php" line="333" class="Tests\Feature\Playground\Make\Package\Console\Commands\PackageMakeCommand\TypesTest" classname="Tests.Feature.Playground.Make.Package.Console.Commands.PackageMakeCommand.TypesTest" assertions="1" time="0.228870"/>
        <testcase name="test_command_make_package_with_force_and_with_default_type_without_file" file="/app/tests/Feature/Console/Commands/PackageMakeCommand/TypesTest.php" line="347" class="Tests\Feature\Playground\Make\Package\Console\Commands\PackageMakeCommand\TypesTest" classname="Tests.Feature.Playground.Make.Package.Console.Commands.PackageMakeCommand.TypesTest" assertions="1" time="0.047169"/>
        <testcase name="test_command_make_package_with_force_with_default_type_and_with_skeleton_without_file" file="/app/tests/Feature/Console/Commands/PackageMakeCommand/TypesTest.php" line="358" class="Tests\Feature\Playground\Make\Package\Console\Commands\PackageMakeCommand\TypesTest" classname="Tests.Feature.Playground.Make.Package.Console.Commands.PackageMakeCommand.TypesTest" assertions="1" time="0.047363"/>
        <testcase name="test_command_make_package_with_force_and_with_default_type_with_policies" file="/app/tests/Feature/Console/Commands/PackageMakeCommand/TypesTest.php" line="369" class="Tests\Feature\Playground\Make\Package\Console\Commands\PackageMakeCommand\TypesTest" classname="Tests.Feature.Playground.Make.Package.Console.Commands.PackageMakeCommand.TypesTest" assertions="1" time="0.091968"/>
        <testcase name="test_command_make_package_with_force_with_playground_model_type_and_with_skeleton_with_policies" file="/app/tests/Feature/Console/Commands/PackageMakeCommand/TypesTest.php" line="383" class="Tests\Feature\Playground\Make\Package\Console\Commands\PackageMakeCommand\TypesTest" classname="Tests.Feature.Playground.Make.Package.Console.Commands.PackageMakeCommand.TypesTest" assertions="1" time="0.227158"/>
        <testcase name="test_command_make_package_with_force_and_with_playground_model_type_without_file_with_policies" file="/app/tests/Feature/Console/Commands/PackageMakeCommand/TypesTest.php" line="397" class="Tests\Feature\Playground\Make\Package\Console\Commands\PackageMakeCommand\TypesTest" classname="Tests.Feature.Playground.Make.Package.Console.Commands.PackageMakeCommand.TypesTest" assertions="1" time="0.046368"/>
        <testcase name="test_command_make_package_with_force_with_playground_model_type_and_with_skeleton_without_file_with_policies" file="/app/tests/Feature/Console/Commands/PackageMakeCommand/TypesTest.php" line="408" class="Tests\Feature\Playground\Make\Package\Console\Commands\PackageMakeCommand\TypesTest" classname="Tests.Feature.Playground.Make.Package.Console.Commands.PackageMakeCommand.TypesTest" assertions="1" time="0.046590"/>
      </testsuite>
    </testsuite>
  </testsuite>
</testsuites>
