<?xml version="1.0" encoding="UTF-8"?>
<testsuites>
  <testsuite name="/app/phpunit-ci.xml" tests="76" assertions="153" errors="0" failures="0" skipped="0" time="15.402898">
    <testsuite name="Unit" tests="11" assertions="86" errors="0" failures="0" skipped="0" time="0.988796">
      <testsuite name="Tests\Unit\Playground\Make\Package\Configuration\Package\InstanceTest" file="/app/tests/Unit/Configuration/Package/InstanceTest.php" tests="10" assertions="85" errors="0" failures="0" skipped="0" time="0.524391">
        <testcase name="test_instance" file="/app/tests/Unit/Configuration/Package/InstanceTest.php" line="21" class="Tests\Unit\Playground\Make\Package\Configuration\Package\InstanceTest" classname="Tests.Unit.Playground.Make.Package.Configuration.Package.InstanceTest" assertions="1" time="0.298195"/>
        <testcase name="test_instance_apply_without_options" file="/app/tests/Unit/Configuration/Package/InstanceTest.php" line="84" class="Tests\Unit\Playground\Make\Package\Configuration\Package\InstanceTest" classname="Tests.Unit.Playground.Make.Package.Configuration.Package.InstanceTest" assertions="4" time="0.025437"/>
        <testcase name="test_folder_is_empty_by_default" file="/app/tests/Unit/Configuration/Package/InstanceTest.php" line="101" class="Tests\Unit\Playground\Make\Package\Configuration\Package\InstanceTest" classname="Tests.Unit.Playground.Make.Package.Configuration.Package.InstanceTest" assertions="3" time="0.023116"/>
        <testcase name="test_package_for_model_with_file_and_skeleton" file="/app/tests/Unit/Configuration/Package/InstanceTest.php" line="111" class="Tests\Unit\Playground\Make\Package\Configuration\Package\InstanceTest" classname="Tests.Unit.Playground.Make.Package.Configuration.Package.InstanceTest" assertions="26" time="0.025542"/>
        <testcase name="test_package_for_api_with_file_and_skeleton" file="/app/tests/Unit/Configuration/Package/InstanceTest.php" line="171" class="Tests\Unit\Playground\Make\Package\Configuration\Package\InstanceTest" classname="Tests.Unit.Playground.Make.Package.Configuration.Package.InstanceTest" assertions="26" time="0.024440"/>
        <testcase name="test_addKeyword_with_invalid_keyword_and_log_message" file="/app/tests/Unit/Configuration/Package/InstanceTest.php" line="245" class="Tests\Unit\Playground\Make\Package\Configuration\Package\InstanceTest" classname="Tests.Unit.Playground.Make.Package.Configuration.Package.InstanceTest" assertions="5" time="0.026250"/>
        <testcase name="test_addRequire_with_invalid_package_and_log_message" file="/app/tests/Unit/Configuration/Package/InstanceTest.php" line="272" class="Tests\Unit\Playground\Make\Package\Configuration\Package\InstanceTest" classname="Tests.Unit.Playground.Make.Package.Configuration.Package.InstanceTest" assertions="5" time="0.024816"/>
        <testcase name="test_addRequire_with_invalid_version_and_log_message" file="/app/tests/Unit/Configuration/Package/InstanceTest.php" line="301" class="Tests\Unit\Playground\Make\Package\Configuration\Package\InstanceTest" classname="Tests.Unit.Playground.Make.Package.Configuration.Package.InstanceTest" assertions="5" time="0.024851"/>
        <testcase name="test_addRequireDev_with_invalid_package_and_log_message" file="/app/tests/Unit/Configuration/Package/InstanceTest.php" line="330" class="Tests\Unit\Playground\Make\Package\Configuration\Package\InstanceTest" classname="Tests.Unit.Playground.Make.Package.Configuration.Package.InstanceTest" assertions="5" time="0.025265"/>
        <testcase name="test_addRequireDev_with_invalid_version_and_log_message" file="/app/tests/Unit/Configuration/Package/InstanceTest.php" line="359" class="Tests\Unit\Playground\Make\Package\Configuration\Package\InstanceTest" classname="Tests.Unit.Playground.Make.Package.Configuration.Package.InstanceTest" assertions="5" time="0.026480"/>
      </testsuite>
      <testsuite name="Tests\Unit\Playground\Make\Package\Console\Commands\PackageMakeCommand\CommandTest" file="/app/tests/Unit/Console/Commands/PackageMakeCommand/CommandTest.php" tests="1" assertions="1" errors="0" failures="0" skipped="0" time="0.464405">
        <testcase name="test_command_displays_help" file="/app/tests/Unit/Console/Commands/PackageMakeCommand/CommandTest.php" line="19" class="Tests\Unit\Playground\Make\Package\Console\Commands\PackageMakeCommand\CommandTest" classname="Tests.Unit.Playground.Make.Package.Console.Commands.PackageMakeCommand.CommandTest" assertions="1" time="0.464405"/>
      </testsuite>
    </testsuite>
    <testsuite name="Feature" tests="65" assertions="67" errors="0" failures="0" skipped="0" time="14.414102">
      <testsuite name="Tests\Feature\Playground\Make\Package\Console\Commands\About\CommandTest" file="/app/tests/Feature/Console/Commands/About/CommandTest.php" tests="1" assertions="2" errors="0" failures="0" skipped="0" time="0.124123">
        <testcase name="test_command_about_displays_package_information_and_succeed_with_code_0" file="/app/tests/Feature/Console/Commands/About/CommandTest.php" line="27" class="Tests\Feature\Playground\Make\Package\Console\Commands\About\CommandTest" classname="Tests.Feature.Playground.Make.Package.Console.Commands.About.CommandTest" assertions="2" time="0.124123"/>
      </testsuite>
      <testsuite name="Tests\Acceptance\Playground\Make\Package\Console\Commands\PackageMakeCommand\ApiTest" file="/app/tests/Feature/Console/Commands/PackageMakeCommand/ApiTest.php" tests="2" assertions="2" errors="0" failures="0" skipped="0" time="0.769648">
        <testcase name="test_command_make_api_package_with_force_and_without_skeleton" file="/app/tests/Feature/Console/Commands/PackageMakeCommand/ApiTest.php" line="19" class="Tests\Acceptance\Playground\Make\Package\Console\Commands\PackageMakeCommand\ApiTest" classname="Tests.Acceptance.Playground.Make.Package.Console.Commands.PackageMakeCommand.ApiTest" assertions="1" time="0.331023"/>
        <testcase name="test_command_make_api_package_with_force_and_with_skeleton" file="/app/tests/Feature/Console/Commands/PackageMakeCommand/ApiTest.php" line="34" class="Tests\Acceptance\Playground\Make\Package\Console\Commands\PackageMakeCommand\ApiTest" classname="Tests.Acceptance.Playground.Make.Package.Console.Commands.PackageMakeCommand.ApiTest" assertions="1" time="0.438625"/>
      </testsuite>
      <testsuite name="Tests\Feature\Playground\Make\Package\Console\Commands\PackageMakeCommand\CommandTest" file="/app/tests/Feature/Console/Commands/PackageMakeCommand/CommandTest.php" tests="2" assertions="3" errors="0" failures="0" skipped="0" time="0.077757">
        <testcase name="test_command_without_options_or_arguments" file="/app/tests/Feature/Console/Commands/PackageMakeCommand/CommandTest.php" line="20" class="Tests\Feature\Playground\Make\Package\Console\Commands\PackageMakeCommand\CommandTest" classname="Tests.Feature.Playground.Make.Package.Console.Commands.PackageMakeCommand.CommandTest" assertions="2" time="0.029263"/>
        <testcase name="test_command_skeleton" file="/app/tests/Feature/Console/Commands/PackageMakeCommand/CommandTest.php" line="32" class="Tests\Feature\Playground\Make\Package\Console\Commands\PackageMakeCommand\CommandTest" classname="Tests.Feature.Playground.Make.Package.Console.Commands.PackageMakeCommand.CommandTest" assertions="1" time="0.048494"/>
      </testsuite>
      <testsuite name="Tests\Acceptance\Playground\Make\Package\Console\Commands\PackageMakeCommand\ModelTest" file="/app/tests/Feature/Console/Commands/PackageMakeCommand/ModelTest.php" tests="2" assertions="2" errors="0" failures="0" skipped="0" time="0.841363">
        <testcase name="test_command_make_model_package_with_force_and_without_skeleton" file="/app/tests/Feature/Console/Commands/PackageMakeCommand/ModelTest.php" line="19" class="Tests\Acceptance\Playground\Make\Package\Console\Commands\PackageMakeCommand\ModelTest" classname="Tests.Acceptance.Playground.Make.Package.Console.Commands.PackageMakeCommand.ModelTest" assertions="1" time="0.391590"/>
        <testcase name="test_command_make_model_package_with_force_and_with_skeleton" file="/app/tests/Feature/Console/Commands/PackageMakeCommand/ModelTest.php" line="34" class="Tests\Acceptance\Playground\Make\Package\Console\Commands\PackageMakeCommand\ModelTest" classname="Tests.Acceptance.Playground.Make.Package.Console.Commands.PackageMakeCommand.ModelTest" assertions="1" time="0.449773"/>
      </testsuite>
      <testsuite name="Tests\Feature\Playground\Make\Package\Console\Commands\PackageMakeCommand\OptionsTest" file="/app/tests/Feature/Console/Commands/PackageMakeCommand/OptionsTest.php" tests="24" assertions="24" errors="0" failures="0" skipped="0" time="5.316373">
        <testcase name="test_command_make_package_with_force_and_with_factories" file="/app/tests/Feature/Console/Commands/PackageMakeCommand/OptionsTest.php" line="19" class="Tests\Feature\Playground\Make\Package\Console\Commands\PackageMakeCommand\OptionsTest" classname="Tests.Feature.Playground.Make.Package.Console.Commands.PackageMakeCommand.OptionsTest" assertions="1" time="0.319827"/>
        <testcase name="test_command_make_package_with_force_with_factories_and_with_skeleton" file="/app/tests/Feature/Console/Commands/PackageMakeCommand/OptionsTest.php" line="33" class="Tests\Feature\Playground\Make\Package\Console\Commands\PackageMakeCommand\OptionsTest" classname="Tests.Feature.Playground.Make.Package.Console.Commands.PackageMakeCommand.OptionsTest" assertions="1" time="0.445474"/>
        <testcase name="test_command_make_package_with_force_and_with_factories_without_file" file="/app/tests/Feature/Console/Commands/PackageMakeCommand/OptionsTest.php" line="47" class="Tests\Feature\Playground\Make\Package\Console\Commands\PackageMakeCommand\OptionsTest" classname="Tests.Feature.Playground.Make.Package.Console.Commands.PackageMakeCommand.OptionsTest" assertions="1" time="0.051572"/>
        <testcase name="test_command_make_package_with_force_with_factories_and_with_skeleton_without_file" file="/app/tests/Feature/Console/Commands/PackageMakeCommand/OptionsTest.php" line="58" class="Tests\Feature\Playground\Make\Package\Console\Commands\PackageMakeCommand\OptionsTest" classname="Tests.Feature.Playground.Make.Package.Console.Commands.PackageMakeCommand.OptionsTest" assertions="1" time="0.049656"/>
        <testcase name="test_command_make_package_with_force_and_with_policies" file="/app/tests/Feature/Console/Commands/PackageMakeCommand/OptionsTest.php" line="69" class="Tests\Feature\Playground\Make\Package\Console\Commands\PackageMakeCommand\OptionsTest" classname="Tests.Feature.Playground.Make.Package.Console.Commands.PackageMakeCommand.OptionsTest" assertions="1" time="0.350986"/>
        <testcase name="test_command_make_package_with_force_with_policies_and_with_skeleton" file="/app/tests/Feature/Console/Commands/PackageMakeCommand/OptionsTest.php" line="83" class="Tests\Feature\Playground\Make\Package\Console\Commands\PackageMakeCommand\OptionsTest" classname="Tests.Feature.Playground.Make.Package.Console.Commands.PackageMakeCommand.OptionsTest" assertions="1" time="0.432577"/>
        <testcase name="test_command_make_package_with_force_and_with_policies_without_file" file="/app/tests/Feature/Console/Commands/PackageMakeCommand/OptionsTest.php" line="97" class="Tests\Feature\Playground\Make\Package\Console\Commands\PackageMakeCommand\OptionsTest" classname="Tests.Feature.Playground.Make.Package.Console.Commands.PackageMakeCommand.OptionsTest" assertions="1" time="0.050638"/>
        <testcase name="test_command_make_package_with_force_with_policies_and_with_skeleton_without_file" file="/app/tests/Feature/Console/Commands/PackageMakeCommand/OptionsTest.php" line="108" class="Tests\Feature\Playground\Make\Package\Console\Commands\PackageMakeCommand\OptionsTest" classname="Tests.Feature.Playground.Make.Package.Console.Commands.PackageMakeCommand.OptionsTest" assertions="1" time="0.050783"/>
        <testcase name="test_command_make_package_with_force_and_with_controllers" file="/app/tests/Feature/Console/Commands/PackageMakeCommand/OptionsTest.php" line="119" class="Tests\Feature\Playground\Make\Package\Console\Commands\PackageMakeCommand\OptionsTest" classname="Tests.Feature.Playground.Make.Package.Console.Commands.PackageMakeCommand.OptionsTest" assertions="1" time="0.370424"/>
        <testcase name="test_command_make_package_with_force_with_controllers_and_with_skeleton" file="/app/tests/Feature/Console/Commands/PackageMakeCommand/OptionsTest.php" line="133" class="Tests\Feature\Playground\Make\Package\Console\Commands\PackageMakeCommand\OptionsTest" classname="Tests.Feature.Playground.Make.Package.Console.Commands.PackageMakeCommand.OptionsTest" assertions="1" time="0.434783"/>
        <testcase name="test_command_make_package_with_force_and_with_controllers_without_file" file="/app/tests/Feature/Console/Commands/PackageMakeCommand/OptionsTest.php" line="147" class="Tests\Feature\Playground\Make\Package\Console\Commands\PackageMakeCommand\OptionsTest" classname="Tests.Feature.Playground.Make.Package.Console.Commands.PackageMakeCommand.OptionsTest" assertions="1" time="0.051759"/>
        <testcase name="test_command_make_package_with_force_with_controllers_and_with_skeleton_without_file" file="/app/tests/Feature/Console/Commands/PackageMakeCommand/OptionsTest.php" line="158" class="Tests\Feature\Playground\Make\Package\Console\Commands\PackageMakeCommand\OptionsTest" classname="Tests.Feature.Playground.Make.Package.Console.Commands.PackageMakeCommand.OptionsTest" assertions="1" time="0.051874"/>
        <testcase name="test_command_make_package_with_force_and_with_migrations" file="/app/tests/Feature/Console/Commands/PackageMakeCommand/OptionsTest.php" line="169" class="Tests\Feature\Playground\Make\Package\Console\Commands\PackageMakeCommand\OptionsTest" classname="Tests.Feature.Playground.Make.Package.Console.Commands.PackageMakeCommand.OptionsTest" assertions="1" time="0.347478"/>
        <testcase name="test_command_make_package_with_force_with_migrations_and_with_skeleton" file="/app/tests/Feature/Console/Commands/PackageMakeCommand/OptionsTest.php" line="183" class="Tests\Feature\Playground\Make\Package\Console\Commands\PackageMakeCommand\OptionsTest" classname="Tests.Feature.Playground.Make.Package.Console.Commands.PackageMakeCommand.OptionsTest" assertions="1" time="0.433419"/>
        <testcase name="test_command_make_package_with_force_and_with_migrations_without_file" file="/app/tests/Feature/Console/Commands/PackageMakeCommand/OptionsTest.php" line="197" class="Tests\Feature\Playground\Make\Package\Console\Commands\PackageMakeCommand\OptionsTest" classname="Tests.Feature.Playground.Make.Package.Console.Commands.PackageMakeCommand.OptionsTest" assertions="1" time="0.052644"/>
        <testcase name="test_command_make_package_with_force_with_migrations_and_with_skeleton_without_file" file="/app/tests/Feature/Console/Commands/PackageMakeCommand/OptionsTest.php" line="208" class="Tests\Feature\Playground\Make\Package\Console\Commands\PackageMakeCommand\OptionsTest" classname="Tests.Feature.Playground.Make.Package.Console.Commands.PackageMakeCommand.OptionsTest" assertions="1" time="0.052648"/>
        <testcase name="test_command_make_package_with_force_and_with_models" file="/app/tests/Feature/Console/Commands/PackageMakeCommand/OptionsTest.php" line="219" class="Tests\Feature\Playground\Make\Package\Console\Commands\PackageMakeCommand\OptionsTest" classname="Tests.Feature.Playground.Make.Package.Console.Commands.PackageMakeCommand.OptionsTest" assertions="1" time="0.340897"/>
        <testcase name="test_command_make_package_with_force_with_models_and_with_skeleton" file="/app/tests/Feature/Console/Commands/PackageMakeCommand/OptionsTest.php" line="233" class="Tests\Feature\Playground\Make\Package\Console\Commands\PackageMakeCommand\OptionsTest" classname="Tests.Feature.Playground.Make.Package.Console.Commands.PackageMakeCommand.OptionsTest" assertions="1" time="0.438083"/>
        <testcase name="test_command_make_package_with_force_and_with_models_without_file" file="/app/tests/Feature/Console/Commands/PackageMakeCommand/OptionsTest.php" line="247" class="Tests\Feature\Playground\Make\Package\Console\Commands\PackageMakeCommand\OptionsTest" classname="Tests.Feature.Playground.Make.Package.Console.Commands.PackageMakeCommand.OptionsTest" assertions="1" time="0.053406"/>
        <testcase name="test_command_make_package_with_force_with_models_and_with_skeleton_without_file" file="/app/tests/Feature/Console/Commands/PackageMakeCommand/OptionsTest.php" line="258" class="Tests\Feature\Playground\Make\Package\Console\Commands\PackageMakeCommand\OptionsTest" classname="Tests.Feature.Playground.Make.Package.Console.Commands.PackageMakeCommand.OptionsTest" assertions="1" time="0.054158"/>
        <testcase name="test_command_make_package_with_force_and_with_license" file="/app/tests/Feature/Console/Commands/PackageMakeCommand/OptionsTest.php" line="269" class="Tests\Feature\Playground\Make\Package\Console\Commands\PackageMakeCommand\OptionsTest" classname="Tests.Feature.Playground.Make.Package.Console.Commands.PackageMakeCommand.OptionsTest" assertions="1" time="0.338672"/>
        <testcase name="test_command_make_package_with_force_with_license_and_with_skeleton" file="/app/tests/Feature/Console/Commands/PackageMakeCommand/OptionsTest.php" line="283" class="Tests\Feature\Playground\Make\Package\Console\Commands\PackageMakeCommand\OptionsTest" classname="Tests.Feature.Playground.Make.Package.Console.Commands.PackageMakeCommand.OptionsTest" assertions="1" time="0.435238"/>
        <testcase name="test_command_make_package_with_force_and_with_license_without_file" file="/app/tests/Feature/Console/Commands/PackageMakeCommand/OptionsTest.php" line="297" class="Tests\Feature\Playground\Make\Package\Console\Commands\PackageMakeCommand\OptionsTest" classname="Tests.Feature.Playground.Make.Package.Console.Commands.PackageMakeCommand.OptionsTest" assertions="1" time="0.054796"/>
        <testcase name="test_command_make_package_with_force_with_license_and_with_skeleton_without_file" file="/app/tests/Feature/Console/Commands/PackageMakeCommand/OptionsTest.php" line="308" class="Tests\Feature\Playground\Make\Package\Console\Commands\PackageMakeCommand\OptionsTest" classname="Tests.Feature.Playground.Make.Package.Console.Commands.PackageMakeCommand.OptionsTest" assertions="1" time="0.054582"/>
      </testsuite>
      <testsuite name="Tests\Acceptance\Playground\Make\Package\Console\Commands\PackageMakeCommand\ResourceTest" file="/app/tests/Feature/Console/Commands/PackageMakeCommand/ResourceTest.php" tests="2" assertions="2" errors="0" failures="0" skipped="0" time="0.188222">
        <testcase name="test_command_make_resource_package_with_force_and_without_skeleton" file="/app/tests/Feature/Console/Commands/PackageMakeCommand/ResourceTest.php" line="19" class="Tests\Acceptance\Playground\Make\Package\Console\Commands\PackageMakeCommand\ResourceTest" classname="Tests.Acceptance.Playground.Make.Package.Console.Commands.PackageMakeCommand.ResourceTest" assertions="1" time="0.083245"/>
        <testcase name="test_command_make_resource_package_with_force_and_with_skeleton" file="/app/tests/Feature/Console/Commands/PackageMakeCommand/ResourceTest.php" line="34" class="Tests\Acceptance\Playground\Make\Package\Console\Commands\PackageMakeCommand\ResourceTest" classname="Tests.Acceptance.Playground.Make.Package.Console.Commands.PackageMakeCommand.ResourceTest" assertions="1" time="0.104977"/>
      </testsuite>
      <testsuite name="Tests\Feature\Playground\Make\Package\Console\Commands\PackageMakeCommand\TypesTest" file="/app/tests/Feature/Console/Commands/PackageMakeCommand/TypesTest.php" tests="32" assertions="32" errors="0" failures="0" skipped="0" time="7.096615">
        <testcase name="test_command_make_package_with_force_and_with_playground_type" file="/app/tests/Feature/Console/Commands/PackageMakeCommand/TypesTest.php" line="19" class="Tests\Feature\Playground\Make\Package\Console\Commands\PackageMakeCommand\TypesTest" classname="Tests.Feature.Playground.Make.Package.Console.Commands.PackageMakeCommand.TypesTest" assertions="1" time="0.317938"/>
        <testcase name="test_command_make_package_with_force_with_playground_type_and_with_skeleton" file="/app/tests/Feature/Console/Commands/PackageMakeCommand/TypesTest.php" line="33" class="Tests\Feature\Playground\Make\Package\Console\Commands\PackageMakeCommand\TypesTest" classname="Tests.Feature.Playground.Make.Package.Console.Commands.PackageMakeCommand.TypesTest" assertions="1" time="0.435868"/>
        <testcase name="test_command_make_package_with_force_and_with_playground_type_without_file" file="/app/tests/Feature/Console/Commands/PackageMakeCommand/TypesTest.php" line="47" class="Tests\Feature\Playground\Make\Package\Console\Commands\PackageMakeCommand\TypesTest" classname="Tests.Feature.Playground.Make.Package.Console.Commands.PackageMakeCommand.TypesTest" assertions="1" time="0.051132"/>
        <testcase name="test_command_make_package_with_force_with_playground_type_and_with_skeleton_without_file" file="/app/tests/Feature/Console/Commands/PackageMakeCommand/TypesTest.php" line="58" class="Tests\Feature\Playground\Make\Package\Console\Commands\PackageMakeCommand\TypesTest" classname="Tests.Feature.Playground.Make.Package.Console.Commands.PackageMakeCommand.TypesTest" assertions="1" time="0.050423"/>
        <testcase name="test_command_make_package_with_force_and_with_playground_model_type" file="/app/tests/Feature/Console/Commands/PackageMakeCommand/TypesTest.php" line="69" class="Tests\Feature\Playground\Make\Package\Console\Commands\PackageMakeCommand\TypesTest" classname="Tests.Feature.Playground.Make.Package.Console.Commands.PackageMakeCommand.TypesTest" assertions="1" time="0.322340"/>
        <testcase name="test_command_make_package_with_force_with_playground_model_type_and_with_skeleton" file="/app/tests/Feature/Console/Commands/PackageMakeCommand/TypesTest.php" line="83" class="Tests\Feature\Playground\Make\Package\Console\Commands\PackageMakeCommand\TypesTest" classname="Tests.Feature.Playground.Make.Package.Console.Commands.PackageMakeCommand.TypesTest" assertions="1" time="0.442707"/>
        <testcase name="test_command_make_package_with_force_and_with_playground_model_type_without_file" file="/app/tests/Feature/Console/Commands/PackageMakeCommand/TypesTest.php" line="97" class="Tests\Feature\Playground\Make\Package\Console\Commands\PackageMakeCommand\TypesTest" classname="Tests.Feature.Playground.Make.Package.Console.Commands.PackageMakeCommand.TypesTest" assertions="1" time="0.055927"/>
        <testcase name="test_command_make_package_with_force_with_playground_model_type_and_with_skeleton_without_file" file="/app/tests/Feature/Console/Commands/PackageMakeCommand/TypesTest.php" line="108" class="Tests\Feature\Playground\Make\Package\Console\Commands\PackageMakeCommand\TypesTest" classname="Tests.Feature.Playground.Make.Package.Console.Commands.PackageMakeCommand.TypesTest" assertions="1" time="0.054920"/>
        <testcase name="test_command_make_package_with_force_and_with_playground_api_type" file="/app/tests/Feature/Console/Commands/PackageMakeCommand/TypesTest.php" line="119" class="Tests\Feature\Playground\Make\Package\Console\Commands\PackageMakeCommand\TypesTest" classname="Tests.Feature.Playground.Make.Package.Console.Commands.PackageMakeCommand.TypesTest" assertions="1" time="0.321861"/>
        <testcase name="test_command_make_package_with_force_with_playground_api_type_and_with_skeleton" file="/app/tests/Feature/Console/Commands/PackageMakeCommand/TypesTest.php" line="133" class="Tests\Feature\Playground\Make\Package\Console\Commands\PackageMakeCommand\TypesTest" classname="Tests.Feature.Playground.Make.Package.Console.Commands.PackageMakeCommand.TypesTest" assertions="1" time="0.438783"/>
        <testcase name="test_command_make_package_with_force_and_with_playground_api_type_without_file" file="/app/tests/Feature/Console/Commands/PackageMakeCommand/TypesTest.php" line="147" class="Tests\Feature\Playground\Make\Package\Console\Commands\PackageMakeCommand\TypesTest" classname="Tests.Feature.Playground.Make.Package.Console.Commands.PackageMakeCommand.TypesTest" assertions="1" time="0.060240"/>
        <testcase name="test_command_make_package_with_force_with_playground_api_type_and_with_skeleton_without_file" file="/app/tests/Feature/Console/Commands/PackageMakeCommand/TypesTest.php" line="158" class="Tests\Feature\Playground\Make\Package\Console\Commands\PackageMakeCommand\TypesTest" classname="Tests.Feature.Playground.Make.Package.Console.Commands.PackageMakeCommand.TypesTest" assertions="1" time="0.055049"/>
        <testcase name="test_command_make_package_with_force_and_with_playground_resource_type" file="/app/tests/Feature/Console/Commands/PackageMakeCommand/TypesTest.php" line="169" class="Tests\Feature\Playground\Make\Package\Console\Commands\PackageMakeCommand\TypesTest" classname="Tests.Feature.Playground.Make.Package.Console.Commands.PackageMakeCommand.TypesTest" assertions="1" time="0.317026"/>
        <testcase name="test_command_make_package_with_force_with_playground_resource_type_and_with_skeleton" file="/app/tests/Feature/Console/Commands/PackageMakeCommand/TypesTest.php" line="183" class="Tests\Feature\Playground\Make\Package\Console\Commands\PackageMakeCommand\TypesTest" classname="Tests.Feature.Playground.Make.Package.Console.Commands.PackageMakeCommand.TypesTest" assertions="1" time="0.441048"/>
        <testcase name="test_command_make_package_with_force_and_with_playground_resource_type_without_file" file="/app/tests/Feature/Console/Commands/PackageMakeCommand/TypesTest.php" line="197" class="Tests\Feature\Playground\Make\Package\Console\Commands\PackageMakeCommand\TypesTest" classname="Tests.Feature.Playground.Make.Package.Console.Commands.PackageMakeCommand.TypesTest" assertions="1" time="0.059907"/>
        <testcase name="test_command_make_package_with_force_with_playground_resource_type_and_with_skeleton_without_file" file="/app/tests/Feature/Console/Commands/PackageMakeCommand/TypesTest.php" line="208" class="Tests\Feature\Playground\Make\Package\Console\Commands\PackageMakeCommand\TypesTest" classname="Tests.Feature.Playground.Make.Package.Console.Commands.PackageMakeCommand.TypesTest" assertions="1" time="0.057038"/>
        <testcase name="test_command_make_package_with_force_and_with_api_type" file="/app/tests/Feature/Console/Commands/PackageMakeCommand/TypesTest.php" line="219" class="Tests\Feature\Playground\Make\Package\Console\Commands\PackageMakeCommand\TypesTest" classname="Tests.Feature.Playground.Make.Package.Console.Commands.PackageMakeCommand.TypesTest" assertions="1" time="0.327111"/>
        <testcase name="test_command_make_package_with_force_with_api_type_and_with_skeleton" file="/app/tests/Feature/Console/Commands/PackageMakeCommand/TypesTest.php" line="233" class="Tests\Feature\Playground\Make\Package\Console\Commands\PackageMakeCommand\TypesTest" classname="Tests.Feature.Playground.Make.Package.Console.Commands.PackageMakeCommand.TypesTest" assertions="1" time="0.448358"/>
        <testcase name="test_command_make_package_with_force_and_with_api_type_without_file" file="/app/tests/Feature/Console/Commands/PackageMakeCommand/TypesTest.php" line="247" class="Tests\Feature\Playground\Make\Package\Console\Commands\PackageMakeCommand\TypesTest" classname="Tests.Feature.Playground.Make.Package.Console.Commands.PackageMakeCommand.TypesTest" assertions="1" time="0.062871"/>
        <testcase name="test_command_make_package_with_force_with_api_type_and_with_skeleton_without_file" file="/app/tests/Feature/Console/Commands/PackageMakeCommand/TypesTest.php" line="258" class="Tests\Feature\Playground\Make\Package\Console\Commands\PackageMakeCommand\TypesTest" classname="Tests.Feature.Playground.Make.Package.Console.Commands.PackageMakeCommand.TypesTest" assertions="1" time="0.056912"/>
        <testcase name="test_command_make_package_with_force_and_with_resource_type" file="/app/tests/Feature/Console/Commands/PackageMakeCommand/TypesTest.php" line="269" class="Tests\Feature\Playground\Make\Package\Console\Commands\PackageMakeCommand\TypesTest" classname="Tests.Feature.Playground.Make.Package.Console.Commands.PackageMakeCommand.TypesTest" assertions="1" time="0.326838"/>
        <testcase name="test_command_make_package_with_force_with_resource_type_and_with_skeleton" file="/app/tests/Feature/Console/Commands/PackageMakeCommand/TypesTest.php" line="283" class="Tests\Feature\Playground\Make\Package\Console\Commands\PackageMakeCommand\TypesTest" classname="Tests.Feature.Playground.Make.Package.Console.Commands.PackageMakeCommand.TypesTest" assertions="1" time="0.442558"/>
        <testcase name="test_command_make_package_with_force_and_with_resource_type_without_file" file="/app/tests/Feature/Console/Commands/PackageMakeCommand/TypesTest.php" line="297" class="Tests\Feature\Playground\Make\Package\Console\Commands\PackageMakeCommand\TypesTest" classname="Tests.Feature.Playground.Make.Package.Console.Commands.PackageMakeCommand.TypesTest" assertions="1" time="0.060219"/>
        <testcase name="test_command_make_package_with_force_with_resource_type_and_with_skeleton_without_file" file="/app/tests/Feature/Console/Commands/PackageMakeCommand/TypesTest.php" line="308" class="Tests\Feature\Playground\Make\Package\Console\Commands\PackageMakeCommand\TypesTest" classname="Tests.Feature.Playground.Make.Package.Console.Commands.PackageMakeCommand.TypesTest" assertions="1" time="0.059630"/>
        <testcase name="test_command_make_package_with_force_and_with_default_type" file="/app/tests/Feature/Console/Commands/PackageMakeCommand/TypesTest.php" line="319" class="Tests\Feature\Playground\Make\Package\Console\Commands\PackageMakeCommand\TypesTest" classname="Tests.Feature.Playground.Make.Package.Console.Commands.PackageMakeCommand.TypesTest" assertions="1" time="0.333275"/>
        <testcase name="test_command_make_package_with_force_with_default_type_and_with_skeleton" file="/app/tests/Feature/Console/Commands/PackageMakeCommand/TypesTest.php" line="333" class="Tests\Feature\Playground\Make\Package\Console\Commands\PackageMakeCommand\TypesTest" classname="Tests.Feature.Playground.Make.Package.Console.Commands.PackageMakeCommand.TypesTest" assertions="1" time="0.445196"/>
        <testcase name="test_command_make_package_with_force_and_with_default_type_without_file" file="/app/tests/Feature/Console/Commands/PackageMakeCommand/TypesTest.php" line="347" class="Tests\Feature\Playground\Make\Package\Console\Commands\PackageMakeCommand\TypesTest" classname="Tests.Feature.Playground.Make.Package.Console.Commands.PackageMakeCommand.TypesTest" assertions="1" time="0.056940"/>
        <testcase name="test_command_make_package_with_force_with_default_type_and_with_skeleton_without_file" file="/app/tests/Feature/Console/Commands/PackageMakeCommand/TypesTest.php" line="358" class="Tests\Feature\Playground\Make\Package\Console\Commands\PackageMakeCommand\TypesTest" classname="Tests.Feature.Playground.Make.Package.Console.Commands.PackageMakeCommand.TypesTest" assertions="1" time="0.055996"/>
        <testcase name="test_command_make_package_with_force_and_with_default_type_with_policies" file="/app/tests/Feature/Console/Commands/PackageMakeCommand/TypesTest.php" line="369" class="Tests\Feature\Playground\Make\Package\Console\Commands\PackageMakeCommand\TypesTest" classname="Tests.Feature.Playground.Make.Package.Console.Commands.PackageMakeCommand.TypesTest" assertions="1" time="0.330665"/>
        <testcase name="test_command_make_package_with_force_with_playground_model_type_and_with_skeleton_with_policies" file="/app/tests/Feature/Console/Commands/PackageMakeCommand/TypesTest.php" line="383" class="Tests\Feature\Playground\Make\Package\Console\Commands\PackageMakeCommand\TypesTest" classname="Tests.Feature.Playground.Make.Package.Console.Commands.PackageMakeCommand.TypesTest" assertions="1" time="0.492684"/>
        <testcase name="test_command_make_package_with_force_and_with_playground_model_type_without_file_with_policies" file="/app/tests/Feature/Console/Commands/PackageMakeCommand/TypesTest.php" line="397" class="Tests\Feature\Playground\Make\Package\Console\Commands\PackageMakeCommand\TypesTest" classname="Tests.Feature.Playground.Make.Package.Console.Commands.PackageMakeCommand.TypesTest" assertions="1" time="0.057673"/>
        <testcase name="test_command_make_package_with_force_with_playground_model_type_and_with_skeleton_without_file_with_policies" file="/app/tests/Feature/Console/Commands/PackageMakeCommand/TypesTest.php" line="408" class="Tests\Feature\Playground\Make\Package\Console\Commands\PackageMakeCommand\TypesTest" classname="Tests.Feature.Playground.Make.Package.Console.Commands.PackageMakeCommand.TypesTest" assertions="1" time="0.057480"/>
      </testsuite>
    </testsuite>
  </testsuite>
</testsuites>
