<?xml version="1.0" encoding="UTF-8"?>
<testsuites>
  <testsuite name="/app/phpunit.xml.dist" tests="76" assertions="153" errors="0" failures="0" skipped="0" time="7.859128">
    <testsuite name="Unit" tests="11" assertions="86" errors="0" failures="0" skipped="0" time="0.886497">
      <testsuite name="Tests\Unit\Playground\Make\Package\Configuration\Package\InstanceTest" file="/app/tests/Unit/Configuration/Package/InstanceTest.php" tests="10" assertions="85" errors="0" failures="0" skipped="0" time="0.550346">
        <testcase name="test_instance" file="/app/tests/Unit/Configuration/Package/InstanceTest.php" line="21" class="Tests\Unit\Playground\Make\Package\Configuration\Package\InstanceTest" classname="Tests.Unit.Playground.Make.Package.Configuration.Package.InstanceTest" assertions="1" time="0.308932"/>
        <testcase name="test_instance_apply_without_options" file="/app/tests/Unit/Configuration/Package/InstanceTest.php" line="81" class="Tests\Unit\Playground\Make\Package\Configuration\Package\InstanceTest" classname="Tests.Unit.Playground.Make.Package.Configuration.Package.InstanceTest" assertions="4" time="0.027716"/>
        <testcase name="test_folder_is_empty_by_default" file="/app/tests/Unit/Configuration/Package/InstanceTest.php" line="98" class="Tests\Unit\Playground\Make\Package\Configuration\Package\InstanceTest" classname="Tests.Unit.Playground.Make.Package.Configuration.Package.InstanceTest" assertions="3" time="0.025337"/>
        <testcase name="test_package_for_model_with_file_and_skeleton" file="/app/tests/Unit/Configuration/Package/InstanceTest.php" line="108" class="Tests\Unit\Playground\Make\Package\Configuration\Package\InstanceTest" classname="Tests.Unit.Playground.Make.Package.Configuration.Package.InstanceTest" assertions="26" time="0.025843"/>
        <testcase name="test_package_for_api_with_file_and_skeleton" file="/app/tests/Unit/Configuration/Package/InstanceTest.php" line="168" class="Tests\Unit\Playground\Make\Package\Configuration\Package\InstanceTest" classname="Tests.Unit.Playground.Make.Package.Configuration.Package.InstanceTest" assertions="26" time="0.025744"/>
        <testcase name="test_addKeyword_with_invalid_keyword_and_log_message" file="/app/tests/Unit/Configuration/Package/InstanceTest.php" line="242" class="Tests\Unit\Playground\Make\Package\Configuration\Package\InstanceTest" classname="Tests.Unit.Playground.Make.Package.Configuration.Package.InstanceTest" assertions="5" time="0.028612"/>
        <testcase name="test_addRequire_with_invalid_package_and_log_message" file="/app/tests/Unit/Configuration/Package/InstanceTest.php" line="269" class="Tests\Unit\Playground\Make\Package\Configuration\Package\InstanceTest" classname="Tests.Unit.Playground.Make.Package.Configuration.Package.InstanceTest" assertions="5" time="0.027164"/>
        <testcase name="test_addRequire_with_invalid_version_and_log_message" file="/app/tests/Unit/Configuration/Package/InstanceTest.php" line="298" class="Tests\Unit\Playground\Make\Package\Configuration\Package\InstanceTest" classname="Tests.Unit.Playground.Make.Package.Configuration.Package.InstanceTest" assertions="5" time="0.026572"/>
        <testcase name="test_addRequireDev_with_invalid_package_and_log_message" file="/app/tests/Unit/Configuration/Package/InstanceTest.php" line="327" class="Tests\Unit\Playground\Make\Package\Configuration\Package\InstanceTest" classname="Tests.Unit.Playground.Make.Package.Configuration.Package.InstanceTest" assertions="5" time="0.026484"/>
        <testcase name="test_addRequireDev_with_invalid_version_and_log_message" file="/app/tests/Unit/Configuration/Package/InstanceTest.php" line="356" class="Tests\Unit\Playground\Make\Package\Configuration\Package\InstanceTest" classname="Tests.Unit.Playground.Make.Package.Configuration.Package.InstanceTest" assertions="5" time="0.027942"/>
      </testsuite>
      <testsuite name="Tests\Unit\Playground\Make\Package\Console\Commands\PackageMakeCommand\CommandTest" file="/app/tests/Unit/Console/Commands/PackageMakeCommand/CommandTest.php" tests="1" assertions="1" errors="0" failures="0" skipped="0" time="0.336152">
        <testcase name="test_command_displays_help" file="/app/tests/Unit/Console/Commands/PackageMakeCommand/CommandTest.php" line="19" class="Tests\Unit\Playground\Make\Package\Console\Commands\PackageMakeCommand\CommandTest" classname="Tests.Unit.Playground.Make.Package.Console.Commands.PackageMakeCommand.CommandTest" assertions="1" time="0.336152"/>
      </testsuite>
    </testsuite>
    <testsuite name="Feature" tests="65" assertions="67" errors="0" failures="0" skipped="0" time="6.972631">
      <testsuite name="Tests\Feature\Playground\Make\Package\Console\Commands\About\CommandTest" file="/app/tests/Feature/Console/Commands/About/CommandTest.php" tests="1" assertions="2" errors="0" failures="0" skipped="0" time="0.129738">
        <testcase name="test_command_about_displays_package_information_and_succeed_with_code_0" file="/app/tests/Feature/Console/Commands/About/CommandTest.php" line="27" class="Tests\Feature\Playground\Make\Package\Console\Commands\About\CommandTest" classname="Tests.Feature.Playground.Make.Package.Console.Commands.About.CommandTest" assertions="2" time="0.129738"/>
      </testsuite>
      <testsuite name="Tests\Acceptance\Playground\Make\Package\Console\Commands\PackageMakeCommand\ApiTest" file="/app/tests/Feature/Console/Commands/PackageMakeCommand/ApiTest.php" tests="2" assertions="2" errors="0" failures="0" skipped="0" time="0.335457">
        <testcase name="test_command_make_api_package_with_force_and_without_skeleton" file="/app/tests/Feature/Console/Commands/PackageMakeCommand/ApiTest.php" line="19" class="Tests\Acceptance\Playground\Make\Package\Console\Commands\PackageMakeCommand\ApiTest" classname="Tests.Acceptance.Playground.Make.Package.Console.Commands.PackageMakeCommand.ApiTest" assertions="1" time="0.096501"/>
        <testcase name="test_command_make_api_package_with_force_and_with_skeleton" file="/app/tests/Feature/Console/Commands/PackageMakeCommand/ApiTest.php" line="34" class="Tests\Acceptance\Playground\Make\Package\Console\Commands\PackageMakeCommand\ApiTest" classname="Tests.Acceptance.Playground.Make.Package.Console.Commands.PackageMakeCommand.ApiTest" assertions="1" time="0.238956"/>
      </testsuite>
      <testsuite name="Tests\Feature\Playground\Make\Package\Console\Commands\PackageMakeCommand\CommandTest" file="/app/tests/Feature/Console/Commands/PackageMakeCommand/CommandTest.php" tests="2" assertions="3" errors="0" failures="0" skipped="0" time="0.076154">
        <testcase name="test_command_without_options_or_arguments" file="/app/tests/Feature/Console/Commands/PackageMakeCommand/CommandTest.php" line="20" class="Tests\Feature\Playground\Make\Package\Console\Commands\PackageMakeCommand\CommandTest" classname="Tests.Feature.Playground.Make.Package.Console.Commands.PackageMakeCommand.CommandTest" assertions="2" time="0.031417"/>
        <testcase name="test_command_skeleton" file="/app/tests/Feature/Console/Commands/PackageMakeCommand/CommandTest.php" line="32" class="Tests\Feature\Playground\Make\Package\Console\Commands\PackageMakeCommand\CommandTest" classname="Tests.Feature.Playground.Make.Package.Console.Commands.PackageMakeCommand.CommandTest" assertions="1" time="0.044738"/>
      </testsuite>
      <testsuite name="Tests\Acceptance\Playground\Make\Package\Console\Commands\PackageMakeCommand\ModelTest" file="/app/tests/Feature/Console/Commands/PackageMakeCommand/ModelTest.php" tests="2" assertions="2" errors="0" failures="0" skipped="0" time="0.311958">
        <testcase name="test_command_make_model_package_with_force_and_without_skeleton" file="/app/tests/Feature/Console/Commands/PackageMakeCommand/ModelTest.php" line="19" class="Tests\Acceptance\Playground\Make\Package\Console\Commands\PackageMakeCommand\ModelTest" classname="Tests.Acceptance.Playground.Make.Package.Console.Commands.PackageMakeCommand.ModelTest" assertions="1" time="0.085125"/>
        <testcase name="test_command_make_model_package_with_force_and_with_skeleton" file="/app/tests/Feature/Console/Commands/PackageMakeCommand/ModelTest.php" line="34" class="Tests\Acceptance\Playground\Make\Package\Console\Commands\PackageMakeCommand\ModelTest" classname="Tests.Acceptance.Playground.Make.Package.Console.Commands.PackageMakeCommand.ModelTest" assertions="1" time="0.226833"/>
      </testsuite>
      <testsuite name="Tests\Feature\Playground\Make\Package\Console\Commands\PackageMakeCommand\OptionsTest" file="/app/tests/Feature/Console/Commands/PackageMakeCommand/OptionsTest.php" tests="24" assertions="24" errors="0" failures="0" skipped="0" time="2.524495">
        <testcase name="test_command_make_package_with_force_and_with_factories" file="/app/tests/Feature/Console/Commands/PackageMakeCommand/OptionsTest.php" line="19" class="Tests\Feature\Playground\Make\Package\Console\Commands\PackageMakeCommand\OptionsTest" classname="Tests.Feature.Playground.Make.Package.Console.Commands.PackageMakeCommand.OptionsTest" assertions="1" time="0.087117"/>
        <testcase name="test_command_make_package_with_force_with_factories_and_with_skeleton" file="/app/tests/Feature/Console/Commands/PackageMakeCommand/OptionsTest.php" line="33" class="Tests\Feature\Playground\Make\Package\Console\Commands\PackageMakeCommand\OptionsTest" classname="Tests.Feature.Playground.Make.Package.Console.Commands.PackageMakeCommand.OptionsTest" assertions="1" time="0.237084"/>
        <testcase name="test_command_make_package_with_force_and_with_factories_without_file" file="/app/tests/Feature/Console/Commands/PackageMakeCommand/OptionsTest.php" line="47" class="Tests\Feature\Playground\Make\Package\Console\Commands\PackageMakeCommand\OptionsTest" classname="Tests.Feature.Playground.Make.Package.Console.Commands.PackageMakeCommand.OptionsTest" assertions="1" time="0.047285"/>
        <testcase name="test_command_make_package_with_force_with_factories_and_with_skeleton_without_file" file="/app/tests/Feature/Console/Commands/PackageMakeCommand/OptionsTest.php" line="58" class="Tests\Feature\Playground\Make\Package\Console\Commands\PackageMakeCommand\OptionsTest" classname="Tests.Feature.Playground.Make.Package.Console.Commands.PackageMakeCommand.OptionsTest" assertions="1" time="0.045074"/>
        <testcase name="test_command_make_package_with_force_and_with_policies" file="/app/tests/Feature/Console/Commands/PackageMakeCommand/OptionsTest.php" line="69" class="Tests\Feature\Playground\Make\Package\Console\Commands\PackageMakeCommand\OptionsTest" classname="Tests.Feature.Playground.Make.Package.Console.Commands.PackageMakeCommand.OptionsTest" assertions="1" time="0.086199"/>
        <testcase name="test_command_make_package_with_force_with_policies_and_with_skeleton" file="/app/tests/Feature/Console/Commands/PackageMakeCommand/OptionsTest.php" line="83" class="Tests\Feature\Playground\Make\Package\Console\Commands\PackageMakeCommand\OptionsTest" classname="Tests.Feature.Playground.Make.Package.Console.Commands.PackageMakeCommand.OptionsTest" assertions="1" time="0.227578"/>
        <testcase name="test_command_make_package_with_force_and_with_policies_without_file" file="/app/tests/Feature/Console/Commands/PackageMakeCommand/OptionsTest.php" line="97" class="Tests\Feature\Playground\Make\Package\Console\Commands\PackageMakeCommand\OptionsTest" classname="Tests.Feature.Playground.Make.Package.Console.Commands.PackageMakeCommand.OptionsTest" assertions="1" time="0.047370"/>
        <testcase name="test_command_make_package_with_force_with_policies_and_with_skeleton_without_file" file="/app/tests/Feature/Console/Commands/PackageMakeCommand/OptionsTest.php" line="108" class="Tests\Feature\Playground\Make\Package\Console\Commands\PackageMakeCommand\OptionsTest" classname="Tests.Feature.Playground.Make.Package.Console.Commands.PackageMakeCommand.OptionsTest" assertions="1" time="0.048307"/>
        <testcase name="test_command_make_package_with_force_and_with_controllers" file="/app/tests/Feature/Console/Commands/PackageMakeCommand/OptionsTest.php" line="119" class="Tests\Feature\Playground\Make\Package\Console\Commands\PackageMakeCommand\OptionsTest" classname="Tests.Feature.Playground.Make.Package.Console.Commands.PackageMakeCommand.OptionsTest" assertions="1" time="0.094990"/>
        <testcase name="test_command_make_package_with_force_with_controllers_and_with_skeleton" file="/app/tests/Feature/Console/Commands/PackageMakeCommand/OptionsTest.php" line="133" class="Tests\Feature\Playground\Make\Package\Console\Commands\PackageMakeCommand\OptionsTest" classname="Tests.Feature.Playground.Make.Package.Console.Commands.PackageMakeCommand.OptionsTest" assertions="1" time="0.228505"/>
        <testcase name="test_command_make_package_with_force_and_with_controllers_without_file" file="/app/tests/Feature/Console/Commands/PackageMakeCommand/OptionsTest.php" line="147" class="Tests\Feature\Playground\Make\Package\Console\Commands\PackageMakeCommand\OptionsTest" classname="Tests.Feature.Playground.Make.Package.Console.Commands.PackageMakeCommand.OptionsTest" assertions="1" time="0.050985"/>
        <testcase name="test_command_make_package_with_force_with_controllers_and_with_skeleton_without_file" file="/app/tests/Feature/Console/Commands/PackageMakeCommand/OptionsTest.php" line="158" class="Tests\Feature\Playground\Make\Package\Console\Commands\PackageMakeCommand\OptionsTest" classname="Tests.Feature.Playground.Make.Package.Console.Commands.PackageMakeCommand.OptionsTest" assertions="1" time="0.047854"/>
        <testcase name="test_command_make_package_with_force_and_with_migrations" file="/app/tests/Feature/Console/Commands/PackageMakeCommand/OptionsTest.php" line="169" class="Tests\Feature\Playground\Make\Package\Console\Commands\PackageMakeCommand\OptionsTest" classname="Tests.Feature.Playground.Make.Package.Console.Commands.PackageMakeCommand.OptionsTest" assertions="1" time="0.089148"/>
        <testcase name="test_command_make_package_with_force_with_migrations_and_with_skeleton" file="/app/tests/Feature/Console/Commands/PackageMakeCommand/OptionsTest.php" line="183" class="Tests\Feature\Playground\Make\Package\Console\Commands\PackageMakeCommand\OptionsTest" classname="Tests.Feature.Playground.Make.Package.Console.Commands.PackageMakeCommand.OptionsTest" assertions="1" time="0.237038"/>
        <testcase name="test_command_make_package_with_force_and_with_migrations_without_file" file="/app/tests/Feature/Console/Commands/PackageMakeCommand/OptionsTest.php" line="197" class="Tests\Feature\Playground\Make\Package\Console\Commands\PackageMakeCommand\OptionsTest" classname="Tests.Feature.Playground.Make.Package.Console.Commands.PackageMakeCommand.OptionsTest" assertions="1" time="0.049924"/>
        <testcase name="test_command_make_package_with_force_with_migrations_and_with_skeleton_without_file" file="/app/tests/Feature/Console/Commands/PackageMakeCommand/OptionsTest.php" line="208" class="Tests\Feature\Playground\Make\Package\Console\Commands\PackageMakeCommand\OptionsTest" classname="Tests.Feature.Playground.Make.Package.Console.Commands.PackageMakeCommand.OptionsTest" assertions="1" time="0.050099"/>
        <testcase name="test_command_make_package_with_force_and_with_models" file="/app/tests/Feature/Console/Commands/PackageMakeCommand/OptionsTest.php" line="219" class="Tests\Feature\Playground\Make\Package\Console\Commands\PackageMakeCommand\OptionsTest" classname="Tests.Feature.Playground.Make.Package.Console.Commands.PackageMakeCommand.OptionsTest" assertions="1" time="0.091190"/>
        <testcase name="test_command_make_package_with_force_with_models_and_with_skeleton" file="/app/tests/Feature/Console/Commands/PackageMakeCommand/OptionsTest.php" line="233" class="Tests\Feature\Playground\Make\Package\Console\Commands\PackageMakeCommand\OptionsTest" classname="Tests.Feature.Playground.Make.Package.Console.Commands.PackageMakeCommand.OptionsTest" assertions="1" time="0.233716"/>
        <testcase name="test_command_make_package_with_force_and_with_models_without_file" file="/app/tests/Feature/Console/Commands/PackageMakeCommand/OptionsTest.php" line="247" class="Tests\Feature\Playground\Make\Package\Console\Commands\PackageMakeCommand\OptionsTest" classname="Tests.Feature.Playground.Make.Package.Console.Commands.PackageMakeCommand.OptionsTest" assertions="1" time="0.049258"/>
        <testcase name="test_command_make_package_with_force_with_models_and_with_skeleton_without_file" file="/app/tests/Feature/Console/Commands/PackageMakeCommand/OptionsTest.php" line="258" class="Tests\Feature\Playground\Make\Package\Console\Commands\PackageMakeCommand\OptionsTest" classname="Tests.Feature.Playground.Make.Package.Console.Commands.PackageMakeCommand.OptionsTest" assertions="1" time="0.049927"/>
        <testcase name="test_command_make_package_with_force_and_with_license" file="/app/tests/Feature/Console/Commands/PackageMakeCommand/OptionsTest.php" line="269" class="Tests\Feature\Playground\Make\Package\Console\Commands\PackageMakeCommand\OptionsTest" classname="Tests.Feature.Playground.Make.Package.Console.Commands.PackageMakeCommand.OptionsTest" assertions="1" time="0.094273"/>
        <testcase name="test_command_make_package_with_force_with_license_and_with_skeleton" file="/app/tests/Feature/Console/Commands/PackageMakeCommand/OptionsTest.php" line="283" class="Tests\Feature\Playground\Make\Package\Console\Commands\PackageMakeCommand\OptionsTest" classname="Tests.Feature.Playground.Make.Package.Console.Commands.PackageMakeCommand.OptionsTest" assertions="1" time="0.231169"/>
        <testcase name="test_command_make_package_with_force_and_with_license_without_file" file="/app/tests/Feature/Console/Commands/PackageMakeCommand/OptionsTest.php" line="297" class="Tests\Feature\Playground\Make\Package\Console\Commands\PackageMakeCommand\OptionsTest" classname="Tests.Feature.Playground.Make.Package.Console.Commands.PackageMakeCommand.OptionsTest" assertions="1" time="0.050415"/>
        <testcase name="test_command_make_package_with_force_with_license_and_with_skeleton_without_file" file="/app/tests/Feature/Console/Commands/PackageMakeCommand/OptionsTest.php" line="308" class="Tests\Feature\Playground\Make\Package\Console\Commands\PackageMakeCommand\OptionsTest" classname="Tests.Feature.Playground.Make.Package.Console.Commands.PackageMakeCommand.OptionsTest" assertions="1" time="0.049992"/>
      </testsuite>
      <testsuite name="Tests\Acceptance\Playground\Make\Package\Console\Commands\PackageMakeCommand\ResourceTest" file="/app/tests/Feature/Console/Commands/PackageMakeCommand/ResourceTest.php" tests="2" assertions="2" errors="0" failures="0" skipped="0" time="0.166153">
        <testcase name="test_command_make_resource_package_with_force_and_without_skeleton" file="/app/tests/Feature/Console/Commands/PackageMakeCommand/ResourceTest.php" line="19" class="Tests\Acceptance\Playground\Make\Package\Console\Commands\PackageMakeCommand\ResourceTest" classname="Tests.Acceptance.Playground.Make.Package.Console.Commands.PackageMakeCommand.ResourceTest" assertions="1" time="0.067494"/>
        <testcase name="test_command_make_resource_package_with_force_and_with_skeleton" file="/app/tests/Feature/Console/Commands/PackageMakeCommand/ResourceTest.php" line="34" class="Tests\Acceptance\Playground\Make\Package\Console\Commands\PackageMakeCommand\ResourceTest" classname="Tests.Acceptance.Playground.Make.Package.Console.Commands.PackageMakeCommand.ResourceTest" assertions="1" time="0.098660"/>
      </testsuite>
      <testsuite name="Tests\Feature\Playground\Make\Package\Console\Commands\PackageMakeCommand\TypesTest" file="/app/tests/Feature/Console/Commands/PackageMakeCommand/TypesTest.php" tests="32" assertions="32" errors="0" failures="0" skipped="0" time="3.428675">
        <testcase name="test_command_make_package_with_force_and_with_playground_type" file="/app/tests/Feature/Console/Commands/PackageMakeCommand/TypesTest.php" line="19" class="Tests\Feature\Playground\Make\Package\Console\Commands\PackageMakeCommand\TypesTest" classname="Tests.Feature.Playground.Make.Package.Console.Commands.PackageMakeCommand.TypesTest" assertions="1" time="0.085991"/>
        <testcase name="test_command_make_package_with_force_with_playground_type_and_with_skeleton" file="/app/tests/Feature/Console/Commands/PackageMakeCommand/TypesTest.php" line="33" class="Tests\Feature\Playground\Make\Package\Console\Commands\PackageMakeCommand\TypesTest" classname="Tests.Feature.Playground.Make.Package.Console.Commands.PackageMakeCommand.TypesTest" assertions="1" time="0.236890"/>
        <testcase name="test_command_make_package_with_force_and_with_playground_type_without_file" file="/app/tests/Feature/Console/Commands/PackageMakeCommand/TypesTest.php" line="47" class="Tests\Feature\Playground\Make\Package\Console\Commands\PackageMakeCommand\TypesTest" classname="Tests.Feature.Playground.Make.Package.Console.Commands.PackageMakeCommand.TypesTest" assertions="1" time="0.047946"/>
        <testcase name="test_command_make_package_with_force_with_playground_type_and_with_skeleton_without_file" file="/app/tests/Feature/Console/Commands/PackageMakeCommand/TypesTest.php" line="58" class="Tests\Feature\Playground\Make\Package\Console\Commands\PackageMakeCommand\TypesTest" classname="Tests.Feature.Playground.Make.Package.Console.Commands.PackageMakeCommand.TypesTest" assertions="1" time="0.049488"/>
        <testcase name="test_command_make_package_with_force_and_with_playground_model_type" file="/app/tests/Feature/Console/Commands/PackageMakeCommand/TypesTest.php" line="69" class="Tests\Feature\Playground\Make\Package\Console\Commands\PackageMakeCommand\TypesTest" classname="Tests.Feature.Playground.Make.Package.Console.Commands.PackageMakeCommand.TypesTest" assertions="1" time="0.087521"/>
        <testcase name="test_command_make_package_with_force_with_playground_model_type_and_with_skeleton" file="/app/tests/Feature/Console/Commands/PackageMakeCommand/TypesTest.php" line="83" class="Tests\Feature\Playground\Make\Package\Console\Commands\PackageMakeCommand\TypesTest" classname="Tests.Feature.Playground.Make.Package.Console.Commands.PackageMakeCommand.TypesTest" assertions="1" time="0.230776"/>
        <testcase name="test_command_make_package_with_force_and_with_playground_model_type_without_file" file="/app/tests/Feature/Console/Commands/PackageMakeCommand/TypesTest.php" line="97" class="Tests\Feature\Playground\Make\Package\Console\Commands\PackageMakeCommand\TypesTest" classname="Tests.Feature.Playground.Make.Package.Console.Commands.PackageMakeCommand.TypesTest" assertions="1" time="0.049271"/>
        <testcase name="test_command_make_package_with_force_with_playground_model_type_and_with_skeleton_without_file" file="/app/tests/Feature/Console/Commands/PackageMakeCommand/TypesTest.php" line="108" class="Tests\Feature\Playground\Make\Package\Console\Commands\PackageMakeCommand\TypesTest" classname="Tests.Feature.Playground.Make.Package.Console.Commands.PackageMakeCommand.TypesTest" assertions="1" time="0.052182"/>
        <testcase name="test_command_make_package_with_force_and_with_playground_api_type" file="/app/tests/Feature/Console/Commands/PackageMakeCommand/TypesTest.php" line="119" class="Tests\Feature\Playground\Make\Package\Console\Commands\PackageMakeCommand\TypesTest" classname="Tests.Feature.Playground.Make.Package.Console.Commands.PackageMakeCommand.TypesTest" assertions="1" time="0.098164"/>
        <testcase name="test_command_make_package_with_force_with_playground_api_type_and_with_skeleton" file="/app/tests/Feature/Console/Commands/PackageMakeCommand/TypesTest.php" line="133" class="Tests\Feature\Playground\Make\Package\Console\Commands\PackageMakeCommand\TypesTest" classname="Tests.Feature.Playground.Make.Package.Console.Commands.PackageMakeCommand.TypesTest" assertions="1" time="0.230697"/>
        <testcase name="test_command_make_package_with_force_and_with_playground_api_type_without_file" file="/app/tests/Feature/Console/Commands/PackageMakeCommand/TypesTest.php" line="147" class="Tests\Feature\Playground\Make\Package\Console\Commands\PackageMakeCommand\TypesTest" classname="Tests.Feature.Playground.Make.Package.Console.Commands.PackageMakeCommand.TypesTest" assertions="1" time="0.049747"/>
        <testcase name="test_command_make_package_with_force_with_playground_api_type_and_with_skeleton_without_file" file="/app/tests/Feature/Console/Commands/PackageMakeCommand/TypesTest.php" line="158" class="Tests\Feature\Playground\Make\Package\Console\Commands\PackageMakeCommand\TypesTest" classname="Tests.Feature.Playground.Make.Package.Console.Commands.PackageMakeCommand.TypesTest" assertions="1" time="0.047721"/>
        <testcase name="test_command_make_package_with_force_and_with_playground_resource_type" file="/app/tests/Feature/Console/Commands/PackageMakeCommand/TypesTest.php" line="169" class="Tests\Feature\Playground\Make\Package\Console\Commands\PackageMakeCommand\TypesTest" classname="Tests.Feature.Playground.Make.Package.Console.Commands.PackageMakeCommand.TypesTest" assertions="1" time="0.087402"/>
        <testcase name="test_command_make_package_with_force_with_playground_resource_type_and_with_skeleton" file="/app/tests/Feature/Console/Commands/PackageMakeCommand/TypesTest.php" line="183" class="Tests\Feature\Playground\Make\Package\Console\Commands\PackageMakeCommand\TypesTest" classname="Tests.Feature.Playground.Make.Package.Console.Commands.PackageMakeCommand.TypesTest" assertions="1" time="0.239242"/>
        <testcase name="test_command_make_package_with_force_and_with_playground_resource_type_without_file" file="/app/tests/Feature/Console/Commands/PackageMakeCommand/TypesTest.php" line="197" class="Tests\Feature\Playground\Make\Package\Console\Commands\PackageMakeCommand\TypesTest" classname="Tests.Feature.Playground.Make.Package.Console.Commands.PackageMakeCommand.TypesTest" assertions="1" time="0.050284"/>
        <testcase name="test_command_make_package_with_force_with_playground_resource_type_and_with_skeleton_without_file" file="/app/tests/Feature/Console/Commands/PackageMakeCommand/TypesTest.php" line="208" class="Tests\Feature\Playground\Make\Package\Console\Commands\PackageMakeCommand\TypesTest" classname="Tests.Feature.Playground.Make.Package.Console.Commands.PackageMakeCommand.TypesTest" assertions="1" time="0.048389"/>
        <testcase name="test_command_make_package_with_force_and_with_api_type" file="/app/tests/Feature/Console/Commands/PackageMakeCommand/TypesTest.php" line="219" class="Tests\Feature\Playground\Make\Package\Console\Commands\PackageMakeCommand\TypesTest" classname="Tests.Feature.Playground.Make.Package.Console.Commands.PackageMakeCommand.TypesTest" assertions="1" time="0.087022"/>
        <testcase name="test_command_make_package_with_force_with_api_type_and_with_skeleton" file="/app/tests/Feature/Console/Commands/PackageMakeCommand/TypesTest.php" line="233" class="Tests\Feature\Playground\Make\Package\Console\Commands\PackageMakeCommand\TypesTest" classname="Tests.Feature.Playground.Make.Package.Console.Commands.PackageMakeCommand.TypesTest" assertions="1" time="0.240721"/>
        <testcase name="test_command_make_package_with_force_and_with_api_type_without_file" file="/app/tests/Feature/Console/Commands/PackageMakeCommand/TypesTest.php" line="247" class="Tests\Feature\Playground\Make\Package\Console\Commands\PackageMakeCommand\TypesTest" classname="Tests.Feature.Playground.Make.Package.Console.Commands.PackageMakeCommand.TypesTest" assertions="1" time="0.053185"/>
        <testcase name="test_command_make_package_with_force_with_api_type_and_with_skeleton_without_file" file="/app/tests/Feature/Console/Commands/PackageMakeCommand/TypesTest.php" line="258" class="Tests\Feature\Playground\Make\Package\Console\Commands\PackageMakeCommand\TypesTest" classname="Tests.Feature.Playground.Make.Package.Console.Commands.PackageMakeCommand.TypesTest" assertions="1" time="0.048267"/>
        <testcase name="test_command_make_package_with_force_and_with_resource_type" file="/app/tests/Feature/Console/Commands/PackageMakeCommand/TypesTest.php" line="269" class="Tests\Feature\Playground\Make\Package\Console\Commands\PackageMakeCommand\TypesTest" classname="Tests.Feature.Playground.Make.Package.Console.Commands.PackageMakeCommand.TypesTest" assertions="1" time="0.088176"/>
        <testcase name="test_command_make_package_with_force_with_resource_type_and_with_skeleton" file="/app/tests/Feature/Console/Commands/PackageMakeCommand/TypesTest.php" line="283" class="Tests\Feature\Playground\Make\Package\Console\Commands\PackageMakeCommand\TypesTest" classname="Tests.Feature.Playground.Make.Package.Console.Commands.PackageMakeCommand.TypesTest" assertions="1" time="0.233428"/>
        <testcase name="test_command_make_package_with_force_and_with_resource_type_without_file" file="/app/tests/Feature/Console/Commands/PackageMakeCommand/TypesTest.php" line="297" class="Tests\Feature\Playground\Make\Package\Console\Commands\PackageMakeCommand\TypesTest" classname="Tests.Feature.Playground.Make.Package.Console.Commands.PackageMakeCommand.TypesTest" assertions="1" time="0.055022"/>
        <testcase name="test_command_make_package_with_force_with_resource_type_and_with_skeleton_without_file" file="/app/tests/Feature/Console/Commands/PackageMakeCommand/TypesTest.php" line="308" class="Tests\Feature\Playground\Make\Package\Console\Commands\PackageMakeCommand\TypesTest" classname="Tests.Feature.Playground.Make.Package.Console.Commands.PackageMakeCommand.TypesTest" assertions="1" time="0.050614"/>
        <testcase name="test_command_make_package_with_force_and_with_default_type" file="/app/tests/Feature/Console/Commands/PackageMakeCommand/TypesTest.php" line="319" class="Tests\Feature\Playground\Make\Package\Console\Commands\PackageMakeCommand\TypesTest" classname="Tests.Feature.Playground.Make.Package.Console.Commands.PackageMakeCommand.TypesTest" assertions="1" time="0.094677"/>
        <testcase name="test_command_make_package_with_force_with_default_type_and_with_skeleton" file="/app/tests/Feature/Console/Commands/PackageMakeCommand/TypesTest.php" line="333" class="Tests\Feature\Playground\Make\Package\Console\Commands\PackageMakeCommand\TypesTest" classname="Tests.Feature.Playground.Make.Package.Console.Commands.PackageMakeCommand.TypesTest" assertions="1" time="0.233383"/>
        <testcase name="test_command_make_package_with_force_and_with_default_type_without_file" file="/app/tests/Feature/Console/Commands/PackageMakeCommand/TypesTest.php" line="347" class="Tests\Feature\Playground\Make\Package\Console\Commands\PackageMakeCommand\TypesTest" classname="Tests.Feature.Playground.Make.Package.Console.Commands.PackageMakeCommand.TypesTest" assertions="1" time="0.055871"/>
        <testcase name="test_command_make_package_with_force_with_default_type_and_with_skeleton_without_file" file="/app/tests/Feature/Console/Commands/PackageMakeCommand/TypesTest.php" line="358" class="Tests\Feature\Playground\Make\Package\Console\Commands\PackageMakeCommand\TypesTest" classname="Tests.Feature.Playground.Make.Package.Console.Commands.PackageMakeCommand.TypesTest" assertions="1" time="0.052947"/>
        <testcase name="test_command_make_package_with_force_and_with_default_type_with_policies" file="/app/tests/Feature/Console/Commands/PackageMakeCommand/TypesTest.php" line="369" class="Tests\Feature\Playground\Make\Package\Console\Commands\PackageMakeCommand\TypesTest" classname="Tests.Feature.Playground.Make.Package.Console.Commands.PackageMakeCommand.TypesTest" assertions="1" time="0.093664"/>
        <testcase name="test_command_make_package_with_force_with_playground_model_type_and_with_skeleton_with_policies" file="/app/tests/Feature/Console/Commands/PackageMakeCommand/TypesTest.php" line="383" class="Tests\Feature\Playground\Make\Package\Console\Commands\PackageMakeCommand\TypesTest" classname="Tests.Feature.Playground.Make.Package.Console.Commands.PackageMakeCommand.TypesTest" assertions="1" time="0.241260"/>
        <testcase name="test_command_make_package_with_force_and_with_playground_model_type_without_file_with_policies" file="/app/tests/Feature/Console/Commands/PackageMakeCommand/TypesTest.php" line="397" class="Tests\Feature\Playground\Make\Package\Console\Commands\PackageMakeCommand\TypesTest" classname="Tests.Feature.Playground.Make.Package.Console.Commands.PackageMakeCommand.TypesTest" assertions="1" time="0.057444"/>
        <testcase name="test_command_make_package_with_force_with_playground_model_type_and_with_skeleton_without_file_with_policies" file="/app/tests/Feature/Console/Commands/PackageMakeCommand/TypesTest.php" line="408" class="Tests\Feature\Playground\Make\Package\Console\Commands\PackageMakeCommand\TypesTest" classname="Tests.Feature.Playground.Make.Package.Console.Commands.PackageMakeCommand.TypesTest" assertions="1" time="0.051285"/>
      </testsuite>
    </testsuite>
  </testsuite>
</testsuites>
