<?xml version="1.0" encoding="UTF-8"?>
<testsuites>
  <testsuite name="/app/phpunit-ci.xml" tests="76" assertions="153" errors="0" failures="0" skipped="0" time="15.447560">
    <testsuite name="Unit" tests="11" assertions="86" errors="0" failures="0" skipped="0" time="0.991309">
      <testsuite name="Tests\Unit\Playground\Make\Package\Configuration\Package\InstanceTest" file="/app/tests/Unit/Configuration/Package/InstanceTest.php" tests="10" assertions="85" errors="0" failures="0" skipped="0" time="0.527922">
        <testcase name="test_instance" file="/app/tests/Unit/Configuration/Package/InstanceTest.php" line="21" class="Tests\Unit\Playground\Make\Package\Configuration\Package\InstanceTest" classname="Tests.Unit.Playground.Make.Package.Configuration.Package.InstanceTest" assertions="1" time="0.300170"/>
        <testcase name="test_instance_apply_without_options" file="/app/tests/Unit/Configuration/Package/InstanceTest.php" line="84" class="Tests\Unit\Playground\Make\Package\Configuration\Package\InstanceTest" classname="Tests.Unit.Playground.Make.Package.Configuration.Package.InstanceTest" assertions="4" time="0.025716"/>
        <testcase name="test_folder_is_empty_by_default" file="/app/tests/Unit/Configuration/Package/InstanceTest.php" line="101" class="Tests\Unit\Playground\Make\Package\Configuration\Package\InstanceTest" classname="Tests.Unit.Playground.Make.Package.Configuration.Package.InstanceTest" assertions="3" time="0.023286"/>
        <testcase name="test_package_for_model_with_file_and_skeleton" file="/app/tests/Unit/Configuration/Package/InstanceTest.php" line="111" class="Tests\Unit\Playground\Make\Package\Configuration\Package\InstanceTest" classname="Tests.Unit.Playground.Make.Package.Configuration.Package.InstanceTest" assertions="26" time="0.025901"/>
        <testcase name="test_package_for_api_with_file_and_skeleton" file="/app/tests/Unit/Configuration/Package/InstanceTest.php" line="171" class="Tests\Unit\Playground\Make\Package\Configuration\Package\InstanceTest" classname="Tests.Unit.Playground.Make.Package.Configuration.Package.InstanceTest" assertions="26" time="0.024705"/>
        <testcase name="test_addKeyword_with_invalid_keyword_and_log_message" file="/app/tests/Unit/Configuration/Package/InstanceTest.php" line="245" class="Tests\Unit\Playground\Make\Package\Configuration\Package\InstanceTest" classname="Tests.Unit.Playground.Make.Package.Configuration.Package.InstanceTest" assertions="5" time="0.026517"/>
        <testcase name="test_addRequire_with_invalid_package_and_log_message" file="/app/tests/Unit/Configuration/Package/InstanceTest.php" line="272" class="Tests\Unit\Playground\Make\Package\Configuration\Package\InstanceTest" classname="Tests.Unit.Playground.Make.Package.Configuration.Package.InstanceTest" assertions="5" time="0.024886"/>
        <testcase name="test_addRequire_with_invalid_version_and_log_message" file="/app/tests/Unit/Configuration/Package/InstanceTest.php" line="301" class="Tests\Unit\Playground\Make\Package\Configuration\Package\InstanceTest" classname="Tests.Unit.Playground.Make.Package.Configuration.Package.InstanceTest" assertions="5" time="0.025068"/>
        <testcase name="test_addRequireDev_with_invalid_package_and_log_message" file="/app/tests/Unit/Configuration/Package/InstanceTest.php" line="330" class="Tests\Unit\Playground\Make\Package\Configuration\Package\InstanceTest" classname="Tests.Unit.Playground.Make.Package.Configuration.Package.InstanceTest" assertions="5" time="0.025343"/>
        <testcase name="test_addRequireDev_with_invalid_version_and_log_message" file="/app/tests/Unit/Configuration/Package/InstanceTest.php" line="359" class="Tests\Unit\Playground\Make\Package\Configuration\Package\InstanceTest" classname="Tests.Unit.Playground.Make.Package.Configuration.Package.InstanceTest" assertions="5" time="0.026330"/>
      </testsuite>
      <testsuite name="Tests\Unit\Playground\Make\Package\Console\Commands\PackageMakeCommand\CommandTest" file="/app/tests/Unit/Console/Commands/PackageMakeCommand/CommandTest.php" tests="1" assertions="1" errors="0" failures="0" skipped="0" time="0.463387">
        <testcase name="test_command_displays_help" file="/app/tests/Unit/Console/Commands/PackageMakeCommand/CommandTest.php" line="19" class="Tests\Unit\Playground\Make\Package\Console\Commands\PackageMakeCommand\CommandTest" classname="Tests.Unit.Playground.Make.Package.Console.Commands.PackageMakeCommand.CommandTest" assertions="1" time="0.463387"/>
      </testsuite>
    </testsuite>
    <testsuite name="Feature" tests="65" assertions="67" errors="0" failures="0" skipped="0" time="14.456252">
      <testsuite name="Tests\Feature\Playground\Make\Package\Console\Commands\About\CommandTest" file="/app/tests/Feature/Console/Commands/About/CommandTest.php" tests="1" assertions="2" errors="0" failures="0" skipped="0" time="0.125141">
        <testcase name="test_command_about_displays_package_information_and_succeed_with_code_0" file="/app/tests/Feature/Console/Commands/About/CommandTest.php" line="27" class="Tests\Feature\Playground\Make\Package\Console\Commands\About\CommandTest" classname="Tests.Feature.Playground.Make.Package.Console.Commands.About.CommandTest" assertions="2" time="0.125141"/>
      </testsuite>
      <testsuite name="Tests\Acceptance\Playground\Make\Package\Console\Commands\PackageMakeCommand\ApiTest" file="/app/tests/Feature/Console/Commands/PackageMakeCommand/ApiTest.php" tests="2" assertions="2" errors="0" failures="0" skipped="0" time="0.776611">
        <testcase name="test_command_make_api_package_with_force_and_without_skeleton" file="/app/tests/Feature/Console/Commands/PackageMakeCommand/ApiTest.php" line="19" class="Tests\Acceptance\Playground\Make\Package\Console\Commands\PackageMakeCommand\ApiTest" classname="Tests.Acceptance.Playground.Make.Package.Console.Commands.PackageMakeCommand.ApiTest" assertions="1" time="0.334174"/>
        <testcase name="test_command_make_api_package_with_force_and_with_skeleton" file="/app/tests/Feature/Console/Commands/PackageMakeCommand/ApiTest.php" line="34" class="Tests\Acceptance\Playground\Make\Package\Console\Commands\PackageMakeCommand\ApiTest" classname="Tests.Acceptance.Playground.Make.Package.Console.Commands.PackageMakeCommand.ApiTest" assertions="1" time="0.442437"/>
      </testsuite>
      <testsuite name="Tests\Feature\Playground\Make\Package\Console\Commands\PackageMakeCommand\CommandTest" file="/app/tests/Feature/Console/Commands/PackageMakeCommand/CommandTest.php" tests="2" assertions="3" errors="0" failures="0" skipped="0" time="0.078211">
        <testcase name="test_command_without_options_or_arguments" file="/app/tests/Feature/Console/Commands/PackageMakeCommand/CommandTest.php" line="20" class="Tests\Feature\Playground\Make\Package\Console\Commands\PackageMakeCommand\CommandTest" classname="Tests.Feature.Playground.Make.Package.Console.Commands.PackageMakeCommand.CommandTest" assertions="2" time="0.029515"/>
        <testcase name="test_command_skeleton" file="/app/tests/Feature/Console/Commands/PackageMakeCommand/CommandTest.php" line="32" class="Tests\Feature\Playground\Make\Package\Console\Commands\PackageMakeCommand\CommandTest" classname="Tests.Feature.Playground.Make.Package.Console.Commands.PackageMakeCommand.CommandTest" assertions="1" time="0.048696"/>
      </testsuite>
      <testsuite name="Tests\Acceptance\Playground\Make\Package\Console\Commands\PackageMakeCommand\ModelTest" file="/app/tests/Feature/Console/Commands/PackageMakeCommand/ModelTest.php" tests="2" assertions="2" errors="0" failures="0" skipped="0" time="0.849297">
        <testcase name="test_command_make_model_package_with_force_and_without_skeleton" file="/app/tests/Feature/Console/Commands/PackageMakeCommand/ModelTest.php" line="19" class="Tests\Acceptance\Playground\Make\Package\Console\Commands\PackageMakeCommand\ModelTest" classname="Tests.Acceptance.Playground.Make.Package.Console.Commands.PackageMakeCommand.ModelTest" assertions="1" time="0.396186"/>
        <testcase name="test_command_make_model_package_with_force_and_with_skeleton" file="/app/tests/Feature/Console/Commands/PackageMakeCommand/ModelTest.php" line="34" class="Tests\Acceptance\Playground\Make\Package\Console\Commands\PackageMakeCommand\ModelTest" classname="Tests.Acceptance.Playground.Make.Package.Console.Commands.PackageMakeCommand.ModelTest" assertions="1" time="0.453111"/>
      </testsuite>
      <testsuite name="Tests\Feature\Playground\Make\Package\Console\Commands\PackageMakeCommand\OptionsTest" file="/app/tests/Feature/Console/Commands/PackageMakeCommand/OptionsTest.php" tests="24" assertions="24" errors="0" failures="0" skipped="0" time="5.325816">
        <testcase name="test_command_make_package_with_force_and_with_factories" file="/app/tests/Feature/Console/Commands/PackageMakeCommand/OptionsTest.php" line="19" class="Tests\Feature\Playground\Make\Package\Console\Commands\PackageMakeCommand\OptionsTest" classname="Tests.Feature.Playground.Make.Package.Console.Commands.PackageMakeCommand.OptionsTest" assertions="1" time="0.323218"/>
        <testcase name="test_command_make_package_with_force_with_factories_and_with_skeleton" file="/app/tests/Feature/Console/Commands/PackageMakeCommand/OptionsTest.php" line="33" class="Tests\Feature\Playground\Make\Package\Console\Commands\PackageMakeCommand\OptionsTest" classname="Tests.Feature.Playground.Make.Package.Console.Commands.PackageMakeCommand.OptionsTest" assertions="1" time="0.431306"/>
        <testcase name="test_command_make_package_with_force_and_with_factories_without_file" file="/app/tests/Feature/Console/Commands/PackageMakeCommand/OptionsTest.php" line="47" class="Tests\Feature\Playground\Make\Package\Console\Commands\PackageMakeCommand\OptionsTest" classname="Tests.Feature.Playground.Make.Package.Console.Commands.PackageMakeCommand.OptionsTest" assertions="1" time="0.052367"/>
        <testcase name="test_command_make_package_with_force_with_factories_and_with_skeleton_without_file" file="/app/tests/Feature/Console/Commands/PackageMakeCommand/OptionsTest.php" line="58" class="Tests\Feature\Playground\Make\Package\Console\Commands\PackageMakeCommand\OptionsTest" classname="Tests.Feature.Playground.Make.Package.Console.Commands.PackageMakeCommand.OptionsTest" assertions="1" time="0.050030"/>
        <testcase name="test_command_make_package_with_force_and_with_policies" file="/app/tests/Feature/Console/Commands/PackageMakeCommand/OptionsTest.php" line="69" class="Tests\Feature\Playground\Make\Package\Console\Commands\PackageMakeCommand\OptionsTest" classname="Tests.Feature.Playground.Make.Package.Console.Commands.PackageMakeCommand.OptionsTest" assertions="1" time="0.350155"/>
        <testcase name="test_command_make_package_with_force_with_policies_and_with_skeleton" file="/app/tests/Feature/Console/Commands/PackageMakeCommand/OptionsTest.php" line="83" class="Tests\Feature\Playground\Make\Package\Console\Commands\PackageMakeCommand\OptionsTest" classname="Tests.Feature.Playground.Make.Package.Console.Commands.PackageMakeCommand.OptionsTest" assertions="1" time="0.434134"/>
        <testcase name="test_command_make_package_with_force_and_with_policies_without_file" file="/app/tests/Feature/Console/Commands/PackageMakeCommand/OptionsTest.php" line="97" class="Tests\Feature\Playground\Make\Package\Console\Commands\PackageMakeCommand\OptionsTest" classname="Tests.Feature.Playground.Make.Package.Console.Commands.PackageMakeCommand.OptionsTest" assertions="1" time="0.051149"/>
        <testcase name="test_command_make_package_with_force_with_policies_and_with_skeleton_without_file" file="/app/tests/Feature/Console/Commands/PackageMakeCommand/OptionsTest.php" line="108" class="Tests\Feature\Playground\Make\Package\Console\Commands\PackageMakeCommand\OptionsTest" classname="Tests.Feature.Playground.Make.Package.Console.Commands.PackageMakeCommand.OptionsTest" assertions="1" time="0.051181"/>
        <testcase name="test_command_make_package_with_force_and_with_controllers" file="/app/tests/Feature/Console/Commands/PackageMakeCommand/OptionsTest.php" line="119" class="Tests\Feature\Playground\Make\Package\Console\Commands\PackageMakeCommand\OptionsTest" classname="Tests.Feature.Playground.Make.Package.Console.Commands.PackageMakeCommand.OptionsTest" assertions="1" time="0.369034"/>
        <testcase name="test_command_make_package_with_force_with_controllers_and_with_skeleton" file="/app/tests/Feature/Console/Commands/PackageMakeCommand/OptionsTest.php" line="133" class="Tests\Feature\Playground\Make\Package\Console\Commands\PackageMakeCommand\OptionsTest" classname="Tests.Feature.Playground.Make.Package.Console.Commands.PackageMakeCommand.OptionsTest" assertions="1" time="0.434743"/>
        <testcase name="test_command_make_package_with_force_and_with_controllers_without_file" file="/app/tests/Feature/Console/Commands/PackageMakeCommand/OptionsTest.php" line="147" class="Tests\Feature\Playground\Make\Package\Console\Commands\PackageMakeCommand\OptionsTest" classname="Tests.Feature.Playground.Make.Package.Console.Commands.PackageMakeCommand.OptionsTest" assertions="1" time="0.052301"/>
        <testcase name="test_command_make_package_with_force_with_controllers_and_with_skeleton_without_file" file="/app/tests/Feature/Console/Commands/PackageMakeCommand/OptionsTest.php" line="158" class="Tests\Feature\Playground\Make\Package\Console\Commands\PackageMakeCommand\OptionsTest" classname="Tests.Feature.Playground.Make.Package.Console.Commands.PackageMakeCommand.OptionsTest" assertions="1" time="0.052483"/>
        <testcase name="test_command_make_package_with_force_and_with_migrations" file="/app/tests/Feature/Console/Commands/PackageMakeCommand/OptionsTest.php" line="169" class="Tests\Feature\Playground\Make\Package\Console\Commands\PackageMakeCommand\OptionsTest" classname="Tests.Feature.Playground.Make.Package.Console.Commands.PackageMakeCommand.OptionsTest" assertions="1" time="0.342980"/>
        <testcase name="test_command_make_package_with_force_with_migrations_and_with_skeleton" file="/app/tests/Feature/Console/Commands/PackageMakeCommand/OptionsTest.php" line="183" class="Tests\Feature\Playground\Make\Package\Console\Commands\PackageMakeCommand\OptionsTest" classname="Tests.Feature.Playground.Make.Package.Console.Commands.PackageMakeCommand.OptionsTest" assertions="1" time="0.436386"/>
        <testcase name="test_command_make_package_with_force_and_with_migrations_without_file" file="/app/tests/Feature/Console/Commands/PackageMakeCommand/OptionsTest.php" line="197" class="Tests\Feature\Playground\Make\Package\Console\Commands\PackageMakeCommand\OptionsTest" classname="Tests.Feature.Playground.Make.Package.Console.Commands.PackageMakeCommand.OptionsTest" assertions="1" time="0.053850"/>
        <testcase name="test_command_make_package_with_force_with_migrations_and_with_skeleton_without_file" file="/app/tests/Feature/Console/Commands/PackageMakeCommand/OptionsTest.php" line="208" class="Tests\Feature\Playground\Make\Package\Console\Commands\PackageMakeCommand\OptionsTest" classname="Tests.Feature.Playground.Make.Package.Console.Commands.PackageMakeCommand.OptionsTest" assertions="1" time="0.053884"/>
        <testcase name="test_command_make_package_with_force_and_with_models" file="/app/tests/Feature/Console/Commands/PackageMakeCommand/OptionsTest.php" line="219" class="Tests\Feature\Playground\Make\Package\Console\Commands\PackageMakeCommand\OptionsTest" classname="Tests.Feature.Playground.Make.Package.Console.Commands.PackageMakeCommand.OptionsTest" assertions="1" time="0.351090"/>
        <testcase name="test_command_make_package_with_force_with_models_and_with_skeleton" file="/app/tests/Feature/Console/Commands/PackageMakeCommand/OptionsTest.php" line="233" class="Tests\Feature\Playground\Make\Package\Console\Commands\PackageMakeCommand\OptionsTest" classname="Tests.Feature.Playground.Make.Package.Console.Commands.PackageMakeCommand.OptionsTest" assertions="1" time="0.437102"/>
        <testcase name="test_command_make_package_with_force_and_with_models_without_file" file="/app/tests/Feature/Console/Commands/PackageMakeCommand/OptionsTest.php" line="247" class="Tests\Feature\Playground\Make\Package\Console\Commands\PackageMakeCommand\OptionsTest" classname="Tests.Feature.Playground.Make.Package.Console.Commands.PackageMakeCommand.OptionsTest" assertions="1" time="0.054166"/>
        <testcase name="test_command_make_package_with_force_with_models_and_with_skeleton_without_file" file="/app/tests/Feature/Console/Commands/PackageMakeCommand/OptionsTest.php" line="258" class="Tests\Feature\Playground\Make\Package\Console\Commands\PackageMakeCommand\OptionsTest" classname="Tests.Feature.Playground.Make.Package.Console.Commands.PackageMakeCommand.OptionsTest" assertions="1" time="0.053763"/>
        <testcase name="test_command_make_package_with_force_and_with_license" file="/app/tests/Feature/Console/Commands/PackageMakeCommand/OptionsTest.php" line="269" class="Tests\Feature\Playground\Make\Package\Console\Commands\PackageMakeCommand\OptionsTest" classname="Tests.Feature.Playground.Make.Package.Console.Commands.PackageMakeCommand.OptionsTest" assertions="1" time="0.337722"/>
        <testcase name="test_command_make_package_with_force_with_license_and_with_skeleton" file="/app/tests/Feature/Console/Commands/PackageMakeCommand/OptionsTest.php" line="283" class="Tests\Feature\Playground\Make\Package\Console\Commands\PackageMakeCommand\OptionsTest" classname="Tests.Feature.Playground.Make.Package.Console.Commands.PackageMakeCommand.OptionsTest" assertions="1" time="0.442842"/>
        <testcase name="test_command_make_package_with_force_and_with_license_without_file" file="/app/tests/Feature/Console/Commands/PackageMakeCommand/OptionsTest.php" line="297" class="Tests\Feature\Playground\Make\Package\Console\Commands\PackageMakeCommand\OptionsTest" classname="Tests.Feature.Playground.Make.Package.Console.Commands.PackageMakeCommand.OptionsTest" assertions="1" time="0.054834"/>
        <testcase name="test_command_make_package_with_force_with_license_and_with_skeleton_without_file" file="/app/tests/Feature/Console/Commands/PackageMakeCommand/OptionsTest.php" line="308" class="Tests\Feature\Playground\Make\Package\Console\Commands\PackageMakeCommand\OptionsTest" classname="Tests.Feature.Playground.Make.Package.Console.Commands.PackageMakeCommand.OptionsTest" assertions="1" time="0.055095"/>
      </testsuite>
      <testsuite name="Tests\Acceptance\Playground\Make\Package\Console\Commands\PackageMakeCommand\ResourceTest" file="/app/tests/Feature/Console/Commands/PackageMakeCommand/ResourceTest.php" tests="2" assertions="2" errors="0" failures="0" skipped="0" time="0.189523">
        <testcase name="test_command_make_resource_package_with_force_and_without_skeleton" file="/app/tests/Feature/Console/Commands/PackageMakeCommand/ResourceTest.php" line="19" class="Tests\Acceptance\Playground\Make\Package\Console\Commands\PackageMakeCommand\ResourceTest" classname="Tests.Acceptance.Playground.Make.Package.Console.Commands.PackageMakeCommand.ResourceTest" assertions="1" time="0.084490"/>
        <testcase name="test_command_make_resource_package_with_force_and_with_skeleton" file="/app/tests/Feature/Console/Commands/PackageMakeCommand/ResourceTest.php" line="34" class="Tests\Acceptance\Playground\Make\Package\Console\Commands\PackageMakeCommand\ResourceTest" classname="Tests.Acceptance.Playground.Make.Package.Console.Commands.PackageMakeCommand.ResourceTest" assertions="1" time="0.105033"/>
      </testsuite>
      <testsuite name="Tests\Feature\Playground\Make\Package\Console\Commands\PackageMakeCommand\TypesTest" file="/app/tests/Feature/Console/Commands/PackageMakeCommand/TypesTest.php" tests="32" assertions="32" errors="0" failures="0" skipped="0" time="7.111653">
        <testcase name="test_command_make_package_with_force_and_with_playground_type" file="/app/tests/Feature/Console/Commands/PackageMakeCommand/TypesTest.php" line="19" class="Tests\Feature\Playground\Make\Package\Console\Commands\PackageMakeCommand\TypesTest" classname="Tests.Feature.Playground.Make.Package.Console.Commands.PackageMakeCommand.TypesTest" assertions="1" time="0.319026"/>
        <testcase name="test_command_make_package_with_force_with_playground_type_and_with_skeleton" file="/app/tests/Feature/Console/Commands/PackageMakeCommand/TypesTest.php" line="33" class="Tests\Feature\Playground\Make\Package\Console\Commands\PackageMakeCommand\TypesTest" classname="Tests.Feature.Playground.Make.Package.Console.Commands.PackageMakeCommand.TypesTest" assertions="1" time="0.435823"/>
        <testcase name="test_command_make_package_with_force_and_with_playground_type_without_file" file="/app/tests/Feature/Console/Commands/PackageMakeCommand/TypesTest.php" line="47" class="Tests\Feature\Playground\Make\Package\Console\Commands\PackageMakeCommand\TypesTest" classname="Tests.Feature.Playground.Make.Package.Console.Commands.PackageMakeCommand.TypesTest" assertions="1" time="0.050948"/>
        <testcase name="test_command_make_package_with_force_with_playground_type_and_with_skeleton_without_file" file="/app/tests/Feature/Console/Commands/PackageMakeCommand/TypesTest.php" line="58" class="Tests\Feature\Playground\Make\Package\Console\Commands\PackageMakeCommand\TypesTest" classname="Tests.Feature.Playground.Make.Package.Console.Commands.PackageMakeCommand.TypesTest" assertions="1" time="0.049756"/>
        <testcase name="test_command_make_package_with_force_and_with_playground_model_type" file="/app/tests/Feature/Console/Commands/PackageMakeCommand/TypesTest.php" line="69" class="Tests\Feature\Playground\Make\Package\Console\Commands\PackageMakeCommand\TypesTest" classname="Tests.Feature.Playground.Make.Package.Console.Commands.PackageMakeCommand.TypesTest" assertions="1" time="0.327482"/>
        <testcase name="test_command_make_package_with_force_with_playground_model_type_and_with_skeleton" file="/app/tests/Feature/Console/Commands/PackageMakeCommand/TypesTest.php" line="83" class="Tests\Feature\Playground\Make\Package\Console\Commands\PackageMakeCommand\TypesTest" classname="Tests.Feature.Playground.Make.Package.Console.Commands.PackageMakeCommand.TypesTest" assertions="1" time="0.438233"/>
        <testcase name="test_command_make_package_with_force_and_with_playground_model_type_without_file" file="/app/tests/Feature/Console/Commands/PackageMakeCommand/TypesTest.php" line="97" class="Tests\Feature\Playground\Make\Package\Console\Commands\PackageMakeCommand\TypesTest" classname="Tests.Feature.Playground.Make.Package.Console.Commands.PackageMakeCommand.TypesTest" assertions="1" time="0.055870"/>
        <testcase name="test_command_make_package_with_force_with_playground_model_type_and_with_skeleton_without_file" file="/app/tests/Feature/Console/Commands/PackageMakeCommand/TypesTest.php" line="108" class="Tests\Feature\Playground\Make\Package\Console\Commands\PackageMakeCommand\TypesTest" classname="Tests.Feature.Playground.Make.Package.Console.Commands.PackageMakeCommand.TypesTest" assertions="1" time="0.055093"/>
        <testcase name="test_command_make_package_with_force_and_with_playground_api_type" file="/app/tests/Feature/Console/Commands/PackageMakeCommand/TypesTest.php" line="119" class="Tests\Feature\Playground\Make\Package\Console\Commands\PackageMakeCommand\TypesTest" classname="Tests.Feature.Playground.Make.Package.Console.Commands.PackageMakeCommand.TypesTest" assertions="1" time="0.322889"/>
        <testcase name="test_command_make_package_with_force_with_playground_api_type_and_with_skeleton" file="/app/tests/Feature/Console/Commands/PackageMakeCommand/TypesTest.php" line="133" class="Tests\Feature\Playground\Make\Package\Console\Commands\PackageMakeCommand\TypesTest" classname="Tests.Feature.Playground.Make.Package.Console.Commands.PackageMakeCommand.TypesTest" assertions="1" time="0.440869"/>
        <testcase name="test_command_make_package_with_force_and_with_playground_api_type_without_file" file="/app/tests/Feature/Console/Commands/PackageMakeCommand/TypesTest.php" line="147" class="Tests\Feature\Playground\Make\Package\Console\Commands\PackageMakeCommand\TypesTest" classname="Tests.Feature.Playground.Make.Package.Console.Commands.PackageMakeCommand.TypesTest" assertions="1" time="0.059147"/>
        <testcase name="test_command_make_package_with_force_with_playground_api_type_and_with_skeleton_without_file" file="/app/tests/Feature/Console/Commands/PackageMakeCommand/TypesTest.php" line="158" class="Tests\Feature\Playground\Make\Package\Console\Commands\PackageMakeCommand\TypesTest" classname="Tests.Feature.Playground.Make.Package.Console.Commands.PackageMakeCommand.TypesTest" assertions="1" time="0.055639"/>
        <testcase name="test_command_make_package_with_force_and_with_playground_resource_type" file="/app/tests/Feature/Console/Commands/PackageMakeCommand/TypesTest.php" line="169" class="Tests\Feature\Playground\Make\Package\Console\Commands\PackageMakeCommand\TypesTest" classname="Tests.Feature.Playground.Make.Package.Console.Commands.PackageMakeCommand.TypesTest" assertions="1" time="0.322995"/>
        <testcase name="test_command_make_package_with_force_with_playground_resource_type_and_with_skeleton" file="/app/tests/Feature/Console/Commands/PackageMakeCommand/TypesTest.php" line="183" class="Tests\Feature\Playground\Make\Package\Console\Commands\PackageMakeCommand\TypesTest" classname="Tests.Feature.Playground.Make.Package.Console.Commands.PackageMakeCommand.TypesTest" assertions="1" time="0.446594"/>
        <testcase name="test_command_make_package_with_force_and_with_playground_resource_type_without_file" file="/app/tests/Feature/Console/Commands/PackageMakeCommand/TypesTest.php" line="197" class="Tests\Feature\Playground\Make\Package\Console\Commands\PackageMakeCommand\TypesTest" classname="Tests.Feature.Playground.Make.Package.Console.Commands.PackageMakeCommand.TypesTest" assertions="1" time="0.059679"/>
        <testcase name="test_command_make_package_with_force_with_playground_resource_type_and_with_skeleton_without_file" file="/app/tests/Feature/Console/Commands/PackageMakeCommand/TypesTest.php" line="208" class="Tests\Feature\Playground\Make\Package\Console\Commands\PackageMakeCommand\TypesTest" classname="Tests.Feature.Playground.Make.Package.Console.Commands.PackageMakeCommand.TypesTest" assertions="1" time="0.056942"/>
        <testcase name="test_command_make_package_with_force_and_with_api_type" file="/app/tests/Feature/Console/Commands/PackageMakeCommand/TypesTest.php" line="219" class="Tests\Feature\Playground\Make\Package\Console\Commands\PackageMakeCommand\TypesTest" classname="Tests.Feature.Playground.Make.Package.Console.Commands.PackageMakeCommand.TypesTest" assertions="1" time="0.326287"/>
        <testcase name="test_command_make_package_with_force_with_api_type_and_with_skeleton" file="/app/tests/Feature/Console/Commands/PackageMakeCommand/TypesTest.php" line="233" class="Tests\Feature\Playground\Make\Package\Console\Commands\PackageMakeCommand\TypesTest" classname="Tests.Feature.Playground.Make.Package.Console.Commands.PackageMakeCommand.TypesTest" assertions="1" time="0.444192"/>
        <testcase name="test_command_make_package_with_force_and_with_api_type_without_file" file="/app/tests/Feature/Console/Commands/PackageMakeCommand/TypesTest.php" line="247" class="Tests\Feature\Playground\Make\Package\Console\Commands\PackageMakeCommand\TypesTest" classname="Tests.Feature.Playground.Make.Package.Console.Commands.PackageMakeCommand.TypesTest" assertions="1" time="0.064840"/>
        <testcase name="test_command_make_package_with_force_with_api_type_and_with_skeleton_without_file" file="/app/tests/Feature/Console/Commands/PackageMakeCommand/TypesTest.php" line="258" class="Tests\Feature\Playground\Make\Package\Console\Commands\PackageMakeCommand\TypesTest" classname="Tests.Feature.Playground.Make.Package.Console.Commands.PackageMakeCommand.TypesTest" assertions="1" time="0.057628"/>
        <testcase name="test_command_make_package_with_force_and_with_resource_type" file="/app/tests/Feature/Console/Commands/PackageMakeCommand/TypesTest.php" line="269" class="Tests\Feature\Playground\Make\Package\Console\Commands\PackageMakeCommand\TypesTest" classname="Tests.Feature.Playground.Make.Package.Console.Commands.PackageMakeCommand.TypesTest" assertions="1" time="0.329211"/>
        <testcase name="test_command_make_package_with_force_with_resource_type_and_with_skeleton" file="/app/tests/Feature/Console/Commands/PackageMakeCommand/TypesTest.php" line="283" class="Tests\Feature\Playground\Make\Package\Console\Commands\PackageMakeCommand\TypesTest" classname="Tests.Feature.Playground.Make.Package.Console.Commands.PackageMakeCommand.TypesTest" assertions="1" time="0.442758"/>
        <testcase name="test_command_make_package_with_force_and_with_resource_type_without_file" file="/app/tests/Feature/Console/Commands/PackageMakeCommand/TypesTest.php" line="297" class="Tests\Feature\Playground\Make\Package\Console\Commands\PackageMakeCommand\TypesTest" classname="Tests.Feature.Playground.Make.Package.Console.Commands.PackageMakeCommand.TypesTest" assertions="1" time="0.060507"/>
        <testcase name="test_command_make_package_with_force_with_resource_type_and_with_skeleton_without_file" file="/app/tests/Feature/Console/Commands/PackageMakeCommand/TypesTest.php" line="308" class="Tests\Feature\Playground\Make\Package\Console\Commands\PackageMakeCommand\TypesTest" classname="Tests.Feature.Playground.Make.Package.Console.Commands.PackageMakeCommand.TypesTest" assertions="1" time="0.063564"/>
        <testcase name="test_command_make_package_with_force_and_with_default_type" file="/app/tests/Feature/Console/Commands/PackageMakeCommand/TypesTest.php" line="319" class="Tests\Feature\Playground\Make\Package\Console\Commands\PackageMakeCommand\TypesTest" classname="Tests.Feature.Playground.Make.Package.Console.Commands.PackageMakeCommand.TypesTest" assertions="1" time="0.330445"/>
        <testcase name="test_command_make_package_with_force_with_default_type_and_with_skeleton" file="/app/tests/Feature/Console/Commands/PackageMakeCommand/TypesTest.php" line="333" class="Tests\Feature\Playground\Make\Package\Console\Commands\PackageMakeCommand\TypesTest" classname="Tests.Feature.Playground.Make.Package.Console.Commands.PackageMakeCommand.TypesTest" assertions="1" time="0.446171"/>
        <testcase name="test_command_make_package_with_force_and_with_default_type_without_file" file="/app/tests/Feature/Console/Commands/PackageMakeCommand/TypesTest.php" line="347" class="Tests\Feature\Playground\Make\Package\Console\Commands\PackageMakeCommand\TypesTest" classname="Tests.Feature.Playground.Make.Package.Console.Commands.PackageMakeCommand.TypesTest" assertions="1" time="0.056748"/>
        <testcase name="test_command_make_package_with_force_with_default_type_and_with_skeleton_without_file" file="/app/tests/Feature/Console/Commands/PackageMakeCommand/TypesTest.php" line="358" class="Tests\Feature\Playground\Make\Package\Console\Commands\PackageMakeCommand\TypesTest" classname="Tests.Feature.Playground.Make.Package.Console.Commands.PackageMakeCommand.TypesTest" assertions="1" time="0.056299"/>
        <testcase name="test_command_make_package_with_force_and_with_default_type_with_policies" file="/app/tests/Feature/Console/Commands/PackageMakeCommand/TypesTest.php" line="369" class="Tests\Feature\Playground\Make\Package\Console\Commands\PackageMakeCommand\TypesTest" classname="Tests.Feature.Playground.Make.Package.Console.Commands.PackageMakeCommand.TypesTest" assertions="1" time="0.334729"/>
        <testcase name="test_command_make_package_with_force_with_playground_model_type_and_with_skeleton_with_policies" file="/app/tests/Feature/Console/Commands/PackageMakeCommand/TypesTest.php" line="383" class="Tests\Feature\Playground\Make\Package\Console\Commands\PackageMakeCommand\TypesTest" classname="Tests.Feature.Playground.Make.Package.Console.Commands.PackageMakeCommand.TypesTest" assertions="1" time="0.487857"/>
        <testcase name="test_command_make_package_with_force_and_with_playground_model_type_without_file_with_policies" file="/app/tests/Feature/Console/Commands/PackageMakeCommand/TypesTest.php" line="397" class="Tests\Feature\Playground\Make\Package\Console\Commands\PackageMakeCommand\TypesTest" classname="Tests.Feature.Playground.Make.Package.Console.Commands.PackageMakeCommand.TypesTest" assertions="1" time="0.056888"/>
        <testcase name="test_command_make_package_with_force_with_playground_model_type_and_with_skeleton_without_file_with_policies" file="/app/tests/Feature/Console/Commands/PackageMakeCommand/TypesTest.php" line="408" class="Tests\Feature\Playground\Make\Package\Console\Commands\PackageMakeCommand\TypesTest" classname="Tests.Feature.Playground.Make.Package.Console.Commands.PackageMakeCommand.TypesTest" assertions="1" time="0.056547"/>
      </testsuite>
    </testsuite>
  </testsuite>
</testsuites>
